python3 tools/wild_encounters/wild_encounters_to_header.py
tools/mapjson/mapjson groups emerald data/maps/map_groups.json data/maps include/constants
tools/mapjson/mapjson layouts emerald data/layouts/layouts.json data/layouts include/constants
tools/mapjson/mapjson event_constants emerald <MAP_JSONS> include/constants/map_event_ids.h
tools/jsonproc/jsonproc src/data/region_map/region_map_sections.json src/data/region_map/region_map_sections.json.txt src/data/region_map/region_map_entries.h
tools/jsonproc/jsonproc src/data/region_map/region_map_sections.json src/data/region_map/region_map_sections.constants.json.txt include/constants/region_map_sections.h
tools/jsonproc/jsonproc src/data/heal_locations.json src/data/heal_locations.json.txt src/data/heal_locations.h
tools/jsonproc/jsonproc src/data/heal_locations.json src/data/heal_locations.constants.json.txt include/constants/heal_locations.h
tools/scaninc/scaninc -M build/emerald/src/AgbRfu_LinkManager.d -I include -I tools/agbcc/include src/AgbRfu_LinkManager.c
tools/scaninc/scaninc -M build/emerald/src/apprentice.d -I include -I tools/agbcc/include src/apprentice.c
tools/scaninc/scaninc -M build/emerald/src/apricorn_tree.d -I include -I tools/agbcc/include src/apricorn_tree.c
tools/scaninc/scaninc -M build/emerald/src/bard_music.d -I include -I tools/agbcc/include src/bard_music.c
tools/scaninc/scaninc -M build/emerald/src/battle_ai_field_statuses.d -I include -I tools/agbcc/include src/battle_ai_field_statuses.c
tools/scaninc/scaninc -M build/emerald/src/battle_ai_main.d -I include -I tools/agbcc/include src/battle_ai_main.c
tools/scaninc/scaninc -M build/emerald/src/battle_ai_switch_items.d -I include -I tools/agbcc/include src/battle_ai_switch_items.c
tools/scaninc/scaninc -M build/emerald/src/battle_ai_util.d -I include -I tools/agbcc/include src/battle_ai_util.c
tools/scaninc/scaninc -M build/emerald/src/battle_anim_bug.d -I include -I tools/agbcc/include src/battle_anim_bug.c
tools/scaninc/scaninc -M build/emerald/src/battle_anim.d -I include -I tools/agbcc/include src/battle_anim.c
tools/scaninc/scaninc -M build/emerald/src/battle_anim_dark.d -I include -I tools/agbcc/include src/battle_anim_dark.c
tools/scaninc/scaninc -M build/emerald/src/battle_anim_dragon.d -I include -I tools/agbcc/include src/battle_anim_dragon.c
tools/scaninc/scaninc -M build/emerald/src/battle_anim_effects_1.d -I include -I tools/agbcc/include src/battle_anim_effects_1.c
tools/scaninc/scaninc -M build/emerald/src/battle_anim_effects_2.d -I include -I tools/agbcc/include src/battle_anim_effects_2.c
tools/scaninc/scaninc -M build/emerald/src/battle_anim_effects_3.d -I include -I tools/agbcc/include src/battle_anim_effects_3.c
tools/scaninc/scaninc -M build/emerald/src/battle_anim_electric.d -I include -I tools/agbcc/include src/battle_anim_electric.c
tools/scaninc/scaninc -M build/emerald/src/battle_anim_fight.d -I include -I tools/agbcc/include src/battle_anim_fight.c
tools/scaninc/scaninc -M build/emerald/src/battle_anim_fire.d -I include -I tools/agbcc/include src/battle_anim_fire.c
tools/scaninc/scaninc -M build/emerald/src/battle_anim_flying.d -I include -I tools/agbcc/include src/battle_anim_flying.c
tools/scaninc/scaninc -M build/emerald/src/battle_anim_ghost.d -I include -I tools/agbcc/include src/battle_anim_ghost.c
tools/scaninc/scaninc -M build/emerald/src/battle_anim_ground.d -I include -I tools/agbcc/include src/battle_anim_ground.c
tools/scaninc/scaninc -M build/emerald/src/battle_anim_ice.d -I include -I tools/agbcc/include src/battle_anim_ice.c
tools/scaninc/scaninc -M build/emerald/src/battle_anim_mon_movement.d -I include -I tools/agbcc/include src/battle_anim_mon_movement.c
tools/scaninc/scaninc -M build/emerald/src/battle_anim_mons.d -I include -I tools/agbcc/include src/battle_anim_mons.c
tools/scaninc/scaninc -M build/emerald/src/battle_anim_new.d -I include -I tools/agbcc/include src/battle_anim_new.c
tools/scaninc/scaninc -M build/emerald/src/battle_anim_normal.d -I include -I tools/agbcc/include src/battle_anim_normal.c
tools/scaninc/scaninc -M build/emerald/src/battle_anim_poison.d -I include -I tools/agbcc/include src/battle_anim_poison.c
tools/scaninc/scaninc -M build/emerald/src/battle_anim_psychic.d -I include -I tools/agbcc/include src/battle_anim_psychic.c
tools/scaninc/scaninc -M build/emerald/src/battle_anim_rock.d -I include -I tools/agbcc/include src/battle_anim_rock.c
tools/scaninc/scaninc -M build/emerald/src/battle_anim_smokescreen.d -I include -I tools/agbcc/include src/battle_anim_smokescreen.c
tools/scaninc/scaninc -M build/emerald/src/battle_anim_sound_tasks.d -I include -I tools/agbcc/include src/battle_anim_sound_tasks.c
tools/scaninc/scaninc -M build/emerald/src/battle_anim_status_effects.d -I include -I tools/agbcc/include src/battle_anim_status_effects.c
tools/scaninc/scaninc -M build/emerald/src/battle_anim_throw.d -I include -I tools/agbcc/include src/battle_anim_throw.c
tools/scaninc/scaninc -M build/emerald/src/battle_anim_utility_funcs.d -I include -I tools/agbcc/include src/battle_anim_utility_funcs.c
tools/scaninc/scaninc -M build/emerald/src/battle_anim_water.d -I include -I tools/agbcc/include src/battle_anim_water.c
tools/scaninc/scaninc -M build/emerald/src/battle_arena.d -I include -I tools/agbcc/include src/battle_arena.c
tools/scaninc/scaninc -M build/emerald/src/battle_bg.d -I include -I tools/agbcc/include src/battle_bg.c
tools/scaninc/scaninc -M build/emerald/src/battle_controller_link_opponent.d -I include -I tools/agbcc/include src/battle_controller_link_opponent.c
tools/scaninc/scaninc -M build/emerald/src/battle_controller_link_partner.d -I include -I tools/agbcc/include src/battle_controller_link_partner.c
tools/scaninc/scaninc -M build/emerald/src/battle_controller_opponent.d -I include -I tools/agbcc/include src/battle_controller_opponent.c
tools/scaninc/scaninc -M build/emerald/src/battle_controller_player.d -I include -I tools/agbcc/include src/battle_controller_player.c
tools/scaninc/scaninc -M build/emerald/src/battle_controller_player_partner.d -I include -I tools/agbcc/include src/battle_controller_player_partner.c
tools/scaninc/scaninc -M build/emerald/src/battle_controller_recorded_opponent.d -I include -I tools/agbcc/include src/battle_controller_recorded_opponent.c
tools/scaninc/scaninc -M build/emerald/src/battle_controller_recorded_partner.d -I include -I tools/agbcc/include src/battle_controller_recorded_partner.c
tools/scaninc/scaninc -M build/emerald/src/battle_controller_recorded_player.d -I include -I tools/agbcc/include src/battle_controller_recorded_player.c
tools/scaninc/scaninc -M build/emerald/src/battle_controller_safari.d -I include -I tools/agbcc/include src/battle_controller_safari.c
tools/scaninc/scaninc -M build/emerald/src/battle_controllers.d -I include -I tools/agbcc/include src/battle_controllers.c
tools/scaninc/scaninc -M build/emerald/src/battle_controller_wally.d -I include -I tools/agbcc/include src/battle_controller_wally.c
tools/scaninc/scaninc -M build/emerald/src/battle_debug.d -I include -I tools/agbcc/include src/battle_debug.c
tools/scaninc/scaninc -M build/emerald/src/battle_dome.d -I include -I tools/agbcc/include src/battle_dome.c
tools/scaninc/scaninc -M build/emerald/src/battle_dynamax.d -I include -I tools/agbcc/include src/battle_dynamax.c
tools/scaninc/scaninc -M build/emerald/src/battle_end_turn.d -I include -I tools/agbcc/include src/battle_end_turn.c
tools/scaninc/scaninc -M build/emerald/src/battle_factory.d -I include -I tools/agbcc/include src/battle_factory.c
tools/scaninc/scaninc -M build/emerald/src/battle_factory_screen.d -I include -I tools/agbcc/include src/battle_factory_screen.c
tools/scaninc/scaninc -M build/emerald/src/battle_gfx_sfx_util.d -I include -I tools/agbcc/include src/battle_gfx_sfx_util.c
tools/scaninc/scaninc -M build/emerald/src/battle_gimmick.d -I include -I tools/agbcc/include src/battle_gimmick.c
tools/scaninc/scaninc -M build/emerald/src/battle_hold_effects.d -I include -I tools/agbcc/include src/battle_hold_effects.c
tools/scaninc/scaninc -M build/emerald/src/battle_interface.d -I include -I tools/agbcc/include src/battle_interface.c
tools/scaninc/scaninc -M build/emerald/src/battle_intro.d -I include -I tools/agbcc/include src/battle_intro.c
tools/scaninc/scaninc -M build/emerald/src/battle_main.d -I include -I tools/agbcc/include src/battle_main.c
tools/scaninc/scaninc -M build/emerald/src/battle_message.d -I include -I tools/agbcc/include src/battle_message.c
tools/scaninc/scaninc -M build/emerald/src/battle_palace.d -I include -I tools/agbcc/include src/battle_palace.c
tools/scaninc/scaninc -M build/emerald/src/battle_pike.d -I include -I tools/agbcc/include src/battle_pike.c
tools/scaninc/scaninc -M build/emerald/src/battle_pyramid_bag.d -I include -I tools/agbcc/include src/battle_pyramid_bag.c
tools/scaninc/scaninc -M build/emerald/src/battle_pyramid.d -I include -I tools/agbcc/include src/battle_pyramid.c
tools/scaninc/scaninc -M build/emerald/src/battle_records.d -I include -I tools/agbcc/include src/battle_records.c
tools/scaninc/scaninc -M build/emerald/src/battle_script_commands.d -I include -I tools/agbcc/include src/battle_script_commands.c
tools/scaninc/scaninc -M build/emerald/src/battle_setup.d -I include -I tools/agbcc/include src/battle_setup.c
tools/scaninc/scaninc -M build/emerald/src/battle_tent.d -I include -I tools/agbcc/include src/battle_tent.c
tools/scaninc/scaninc -M build/emerald/src/battle_terastal.d -I include -I tools/agbcc/include src/battle_terastal.c
tools/scaninc/scaninc -M build/emerald/src/battle_tower.d -I include -I tools/agbcc/include src/battle_tower.c
tools/scaninc/scaninc -M build/emerald/src/battle_transition.d -I include -I tools/agbcc/include src/battle_transition.c
tools/scaninc/scaninc -M build/emerald/src/battle_transition_frontier.d -I include -I tools/agbcc/include src/battle_transition_frontier.c
tools/scaninc/scaninc -M build/emerald/src/battle_tv.d -I include -I tools/agbcc/include src/battle_tv.c
tools/scaninc/scaninc -M build/emerald/src/battle_util2.d -I include -I tools/agbcc/include src/battle_util2.c
tools/scaninc/scaninc -M build/emerald/src/battle_util.d -I include -I tools/agbcc/include src/battle_util.c
tools/scaninc/scaninc -M build/emerald/src/battle_z_move.d -I include -I tools/agbcc/include src/battle_z_move.c
tools/scaninc/scaninc -M build/emerald/src/berry_blender.d -I include -I tools/agbcc/include src/berry_blender.c
tools/scaninc/scaninc -M build/emerald/src/berry.d -I include -I tools/agbcc/include src/berry.c
tools/scaninc/scaninc -M build/emerald/src/berry_crush.d -I include -I tools/agbcc/include src/berry_crush.c
tools/scaninc/scaninc -M build/emerald/src/berry_fix_graphics.d -I include -I tools/agbcc/include src/berry_fix_graphics.c
tools/scaninc/scaninc -M build/emerald/src/berry_fix_program.d -I include -I tools/agbcc/include src/berry_fix_program.c
tools/scaninc/scaninc -M build/emerald/src/berry_powder.d -I include -I tools/agbcc/include src/berry_powder.c
tools/scaninc/scaninc -M build/emerald/src/berry_tag_screen.d -I include -I tools/agbcc/include src/berry_tag_screen.c
tools/scaninc/scaninc -M build/emerald/src/bg.d -I include -I tools/agbcc/include src/bg.c
tools/scaninc/scaninc -M build/emerald/src/bike.d -I include -I tools/agbcc/include src/bike.c
tools/scaninc/scaninc -M build/emerald/src/birch_pc.d -I include -I tools/agbcc/include src/birch_pc.c
tools/scaninc/scaninc -M build/emerald/src/blit.d -I include -I tools/agbcc/include src/blit.c
tools/scaninc/scaninc -M build/emerald/src/braille.d -I include -I tools/agbcc/include src/braille.c
tools/scaninc/scaninc -M build/emerald/src/braille_puzzles.d -I include -I tools/agbcc/include src/braille_puzzles.c
tools/scaninc/scaninc -M build/emerald/src/cable_car.d -I include -I tools/agbcc/include src/cable_car.c
tools/scaninc/scaninc -M build/emerald/src/cable_club.d -I include -I tools/agbcc/include src/cable_club.c
tools/scaninc/scaninc -M build/emerald/src/caps.d -I include -I tools/agbcc/include src/caps.c
tools/scaninc/scaninc -M build/emerald/src/clear_save_data_screen.d -I include -I tools/agbcc/include src/clear_save_data_screen.c
tools/scaninc/scaninc -M build/emerald/src/clock.d -I include -I tools/agbcc/include src/clock.c
tools/scaninc/scaninc -M build/emerald/src/coins.d -I include -I tools/agbcc/include src/coins.c
tools/scaninc/scaninc -M build/emerald/src/confetti_util.d -I include -I tools/agbcc/include src/confetti_util.c
tools/scaninc/scaninc -M build/emerald/src/contest_ai.d -I include -I tools/agbcc/include src/contest_ai.c
tools/scaninc/scaninc -M build/emerald/src/contest.d -I include -I tools/agbcc/include src/contest.c
tools/scaninc/scaninc -M build/emerald/src/contest_effect.d -I include -I tools/agbcc/include src/contest_effect.c
tools/scaninc/scaninc -M build/emerald/src/contest_link.d -I include -I tools/agbcc/include src/contest_link.c
tools/scaninc/scaninc -M build/emerald/src/contest_link_util.d -I include -I tools/agbcc/include src/contest_link_util.c
tools/scaninc/scaninc -M build/emerald/src/contest_painting.d -I include -I tools/agbcc/include src/contest_painting.c
tools/scaninc/scaninc -M build/emerald/src/contest_util.d -I include -I tools/agbcc/include src/contest_util.c
tools/scaninc/scaninc -M build/emerald/src/coord_event_weather.d -I include -I tools/agbcc/include src/coord_event_weather.c
tools/scaninc/scaninc -M build/emerald/src/credits.d -I include -I tools/agbcc/include src/credits.c
tools/scaninc/scaninc -M build/emerald/src/ctf_flags.d -I include -I tools/agbcc/include src/ctf_flags.c
tools/scaninc/scaninc -M build/emerald/src/ctf_flag_terminal.d -I include -I tools/agbcc/include src/ctf_flag_terminal.c
tools/scaninc/scaninc -M build/emerald/src/ctf_save_flag.d -I include -I tools/agbcc/include src/ctf_save_flag.c
tools/scaninc/scaninc -M build/emerald/src/data.d -I include -I tools/agbcc/include src/data.c
tools/scaninc/scaninc -M build/emerald/src/datetime.d -I include -I tools/agbcc/include src/datetime.c
tools/scaninc/scaninc -M build/emerald/src/daycare.d -I include -I tools/agbcc/include src/daycare.c
tools/scaninc/scaninc -M build/emerald/src/debug.d -I include -I tools/agbcc/include src/debug.c
tools/scaninc/scaninc -M build/emerald/src/decompress.d -I include -I tools/agbcc/include src/decompress.c
tools/scaninc/scaninc -M build/emerald/src/decompress_error_handler.d -I include -I tools/agbcc/include src/decompress_error_handler.c
tools/scaninc/scaninc -M build/emerald/src/decoration.d -I include -I tools/agbcc/include src/decoration.c
tools/scaninc/scaninc -M build/emerald/src/decoration_inventory.d -I include -I tools/agbcc/include src/decoration_inventory.c
tools/scaninc/scaninc -M build/emerald/src/dewford_trend.d -I include -I tools/agbcc/include src/dewford_trend.c
tools/scaninc/scaninc -M build/emerald/src/dexnav.d -I include -I tools/agbcc/include src/dexnav.c
tools/scaninc/scaninc -M build/emerald/src/difficulty.d -I include -I tools/agbcc/include src/difficulty.c
tools/scaninc/scaninc -M build/emerald/src/digit_obj_util.d -I include -I tools/agbcc/include src/digit_obj_util.c
tools/scaninc/scaninc -M build/emerald/src/diploma.d -I include -I tools/agbcc/include src/diploma.c
tools/scaninc/scaninc -M build/emerald/src/dma3_manager.d -I include -I tools/agbcc/include src/dma3_manager.c
tools/scaninc/scaninc -M build/emerald/src/dodrio_berry_picking.d -I include -I tools/agbcc/include src/dodrio_berry_picking.c
tools/scaninc/scaninc -M build/emerald/src/dynamic_placeholder_text_util.d -I include -I tools/agbcc/include src/dynamic_placeholder_text_util.c
tools/scaninc/scaninc -M build/emerald/src/easy_chat.d -I include -I tools/agbcc/include src/easy_chat.c
tools/scaninc/scaninc -M build/emerald/src/egg_hatch.d -I include -I tools/agbcc/include src/egg_hatch.c
tools/scaninc/scaninc -M build/emerald/src/ereader_helpers.d -I include -I tools/agbcc/include src/ereader_helpers.c
tools/scaninc/scaninc -M build/emerald/src/ereader_screen.d -I include -I tools/agbcc/include src/ereader_screen.c
tools/scaninc/scaninc -M build/emerald/src/event_data.d -I include -I tools/agbcc/include src/event_data.c
tools/scaninc/scaninc -M build/emerald/src/event_object_lock.d -I include -I tools/agbcc/include src/event_object_lock.c
tools/scaninc/scaninc -M build/emerald/src/event_object_movement.d -I include -I tools/agbcc/include src/event_object_movement.c
tools/scaninc/scaninc -M build/emerald/src/evolution_graphics.d -I include -I tools/agbcc/include src/evolution_graphics.c
tools/scaninc/scaninc -M build/emerald/src/evolution_scene.d -I include -I tools/agbcc/include src/evolution_scene.c
tools/scaninc/scaninc -M build/emerald/src/expansion_intro.d -I include -I tools/agbcc/include src/expansion_intro.c
tools/scaninc/scaninc -M build/emerald/src/fake_rtc.d -I include -I tools/agbcc/include src/fake_rtc.c
tools/scaninc/scaninc -M build/emerald/src/faraway_island.d -I include -I tools/agbcc/include src/faraway_island.c
tools/scaninc/scaninc -M build/emerald/src/field_camera.d -I include -I tools/agbcc/include src/field_camera.c
tools/scaninc/scaninc -M build/emerald/src/field_control_avatar.d -I include -I tools/agbcc/include src/field_control_avatar.c
tools/scaninc/scaninc -M build/emerald/src/field_door.d -I include -I tools/agbcc/include src/field_door.c
tools/scaninc/scaninc -M build/emerald/src/field_effect.d -I include -I tools/agbcc/include src/field_effect.c
tools/scaninc/scaninc -M build/emerald/src/field_effect_helpers.d -I include -I tools/agbcc/include src/field_effect_helpers.c
tools/scaninc/scaninc -M build/emerald/src/fieldmap.d -I include -I tools/agbcc/include src/fieldmap.c
tools/scaninc/scaninc -M build/emerald/src/field_message_box.d -I include -I tools/agbcc/include src/field_message_box.c
tools/scaninc/scaninc -M build/emerald/src/field_move.d -I include -I tools/agbcc/include src/field_move.c
tools/scaninc/scaninc -M build/emerald/src/field_name_box.d -I include -I tools/agbcc/include src/field_name_box.c
tools/scaninc/scaninc -M build/emerald/src/field_player_avatar.d -I include -I tools/agbcc/include src/field_player_avatar.c
tools/scaninc/scaninc -M build/emerald/src/field_poison.d -I include -I tools/agbcc/include src/field_poison.c
tools/scaninc/scaninc -M build/emerald/src/field_region_map.d -I include -I tools/agbcc/include src/field_region_map.c
tools/scaninc/scaninc -M build/emerald/src/field_screen_effect.d -I include -I tools/agbcc/include src/field_screen_effect.c
tools/scaninc/scaninc -M build/emerald/src/field_specials.d -I include -I tools/agbcc/include src/field_specials.c
tools/scaninc/scaninc -M build/emerald/src/field_special_scene.d -I include -I tools/agbcc/include src/field_special_scene.c
tools/scaninc/scaninc -M build/emerald/src/field_tasks.d -I include -I tools/agbcc/include src/field_tasks.c
tools/scaninc/scaninc -M build/emerald/src/field_weather.d -I include -I tools/agbcc/include src/field_weather.c
tools/scaninc/scaninc -M build/emerald/src/field_weather_effect.d -I include -I tools/agbcc/include src/field_weather_effect.c
tools/scaninc/scaninc -M build/emerald/src/fishing.d -I include -I tools/agbcc/include src/fishing.c
tools/scaninc/scaninc -M build/emerald/src/fldeff_cut.d -I include -I tools/agbcc/include src/fldeff_cut.c
tools/scaninc/scaninc -M build/emerald/src/fldeff_defog.d -I include -I tools/agbcc/include src/fldeff_defog.c
tools/scaninc/scaninc -M build/emerald/src/fldeff_dig.d -I include -I tools/agbcc/include src/fldeff_dig.c
tools/scaninc/scaninc -M build/emerald/src/fldeff_escalator.d -I include -I tools/agbcc/include src/fldeff_escalator.c
tools/scaninc/scaninc -M build/emerald/src/fldeff_flash.d -I include -I tools/agbcc/include src/fldeff_flash.c
tools/scaninc/scaninc -M build/emerald/src/fldeff_misc.d -I include -I tools/agbcc/include src/fldeff_misc.c
tools/scaninc/scaninc -M build/emerald/src/fldeff_rocksmash.d -I include -I tools/agbcc/include src/fldeff_rocksmash.c
tools/scaninc/scaninc -M build/emerald/src/fldeff_softboiled.d -I include -I tools/agbcc/include src/fldeff_softboiled.c
tools/scaninc/scaninc -M build/emerald/src/fldeff_strength.d -I include -I tools/agbcc/include src/fldeff_strength.c
tools/scaninc/scaninc -M build/emerald/src/fldeff_sweetscent.d -I include -I tools/agbcc/include src/fldeff_sweetscent.c
tools/scaninc/scaninc -M build/emerald/src/fldeff_teleport.d -I include -I tools/agbcc/include src/fldeff_teleport.c
tools/scaninc/scaninc -M build/emerald/src/follower_helper.d -I include -I tools/agbcc/include src/follower_helper.c
tools/scaninc/scaninc -M build/emerald/src/follower_npc.d -I include -I tools/agbcc/include src/follower_npc.c
tools/scaninc/scaninc -M build/emerald/src/fonts.d -I include -I tools/agbcc/include src/fonts.c
tools/scaninc/scaninc -M build/emerald/src/frontier_pass.d -I include -I tools/agbcc/include src/frontier_pass.c
tools/scaninc/scaninc -M build/emerald/src/frontier_util.d -I include -I tools/agbcc/include src/frontier_util.c
tools/scaninc/scaninc -M build/emerald/src/generational_changes.d -I include -I tools/agbcc/include src/generational_changes.c
tools/scaninc/scaninc -M build/emerald/src/gpu_regs.d -I include -I tools/agbcc/include src/gpu_regs.c
tools/scaninc/scaninc -M build/emerald/src/graphics.d -I include -I tools/agbcc/include src/graphics.c
tools/scaninc/scaninc -M build/emerald/src/gym_leader_rematch.d -I include -I tools/agbcc/include src/gym_leader_rematch.c
tools/scaninc/scaninc -M build/emerald/src/hall_of_fame.d -I include -I tools/agbcc/include src/hall_of_fame.c
tools/scaninc/scaninc -M build/emerald/src/heal_location.d -I include -I tools/agbcc/include src/heal_location.c
tools/scaninc/scaninc -M build/emerald/src/hof_pc.d -I include -I tools/agbcc/include src/hof_pc.c
tools/scaninc/scaninc -M build/emerald/src/image_processing_effects.d -I include -I tools/agbcc/include src/image_processing_effects.c
tools/scaninc/scaninc -M build/emerald/src/international_string_util.d -I include -I tools/agbcc/include src/international_string_util.c
tools/scaninc/scaninc -M build/emerald/src/intro.d -I include -I tools/agbcc/include src/intro.c
tools/scaninc/scaninc -M build/emerald/src/intro_credits_graphics.d -I include -I tools/agbcc/include src/intro_credits_graphics.c
tools/scaninc/scaninc -M build/emerald/src/io_reg.d -I include -I tools/agbcc/include src/io_reg.c
tools/scaninc/scaninc -M build/emerald/src/item_ball.d -I include -I tools/agbcc/include src/item_ball.c
tools/scaninc/scaninc -M build/emerald/src/item.d -I include -I tools/agbcc/include src/item.c
tools/scaninc/scaninc -M build/emerald/src/item_icon.d -I include -I tools/agbcc/include src/item_icon.c
tools/scaninc/scaninc -M build/emerald/src/item_menu.d -I include -I tools/agbcc/include src/item_menu.c
tools/scaninc/scaninc -M build/emerald/src/item_menu_icons.d -I include -I tools/agbcc/include src/item_menu_icons.c
tools/scaninc/scaninc -M build/emerald/src/item_use.d -I include -I tools/agbcc/include src/item_use.c
tools/scaninc/scaninc -M build/emerald/src/landmark.d -I include -I tools/agbcc/include src/landmark.c
tools/scaninc/scaninc -M build/emerald/src/librfu_intr.d -I include -I tools/agbcc/include src/librfu_intr.c
tools/scaninc/scaninc -M build/emerald/src/librfu_rfu.d -I include -I tools/agbcc/include src/librfu_rfu.c
tools/scaninc/scaninc -M build/emerald/src/librfu_sio32id.d -I include -I tools/agbcc/include src/librfu_sio32id.c
tools/scaninc/scaninc -M build/emerald/src/librfu_stwi.d -I include -I tools/agbcc/include src/librfu_stwi.c
tools/scaninc/scaninc -M build/emerald/src/lilycove_lady.d -I include -I tools/agbcc/include src/lilycove_lady.c
tools/scaninc/scaninc -M build/emerald/src/line_break.d -I include -I tools/agbcc/include src/line_break.c
tools/scaninc/scaninc -M build/emerald/src/link.d -I include -I tools/agbcc/include src/link.c
tools/scaninc/scaninc -M build/emerald/src/link_rfu_2.d -I include -I tools/agbcc/include src/link_rfu_2.c
tools/scaninc/scaninc -M build/emerald/src/link_rfu_3.d -I include -I tools/agbcc/include src/link_rfu_3.c
tools/scaninc/scaninc -M build/emerald/src/list_menu.d -I include -I tools/agbcc/include src/list_menu.c
tools/scaninc/scaninc -M build/emerald/src/load_save.d -I include -I tools/agbcc/include src/load_save.c
tools/scaninc/scaninc -M build/emerald/src/lottery_corner.d -I include -I tools/agbcc/include src/lottery_corner.c
tools/scaninc/scaninc -M build/emerald/src/m4a.d -I include -I tools/agbcc/include src/m4a.c
tools/scaninc/scaninc -M build/emerald/src/mail.d -I include -I tools/agbcc/include src/mail.c
tools/scaninc/scaninc -M build/emerald/src/mail_data.d -I include -I tools/agbcc/include src/mail_data.c
tools/scaninc/scaninc -M build/emerald/src/main.d -I include -I tools/agbcc/include src/main.c
tools/scaninc/scaninc -M build/emerald/src/main_menu.d -I include -I tools/agbcc/include src/main_menu.c
tools/scaninc/scaninc -M build/emerald/src/malloc.d -I include -I tools/agbcc/include src/malloc.c
tools/scaninc/scaninc -M build/emerald/src/map_name_popup.d -I include -I tools/agbcc/include src/map_name_popup.c
tools/scaninc/scaninc -M build/emerald/src/match_call.d -I include -I tools/agbcc/include src/match_call.c
tools/scaninc/scaninc -M build/emerald/src/math_util.d -I include -I tools/agbcc/include src/math_util.c
tools/scaninc/scaninc -M build/emerald/src/mauville_old_man.d -I include -I tools/agbcc/include src/mauville_old_man.c
tools/scaninc/scaninc -M build/emerald/src/menu.d -I include -I tools/agbcc/include src/menu.c
tools/scaninc/scaninc -M build/emerald/src/menu_helpers.d -I include -I tools/agbcc/include src/menu_helpers.c
tools/scaninc/scaninc -M build/emerald/src/menu_specialized.d -I include -I tools/agbcc/include src/menu_specialized.c
tools/scaninc/scaninc -M build/emerald/src/metatile_behavior.d -I include -I tools/agbcc/include src/metatile_behavior.c
tools/scaninc/scaninc -M build/emerald/src/minigame_countdown.d -I include -I tools/agbcc/include src/minigame_countdown.c
tools/scaninc/scaninc -M build/emerald/src/mirage_tower.d -I include -I tools/agbcc/include src/mirage_tower.c
tools/scaninc/scaninc -M build/emerald/src/money.d -I include -I tools/agbcc/include src/money.c
tools/scaninc/scaninc -M build/emerald/src/mon_markings.d -I include -I tools/agbcc/include src/mon_markings.c
tools/scaninc/scaninc -M build/emerald/src/move.d -I include -I tools/agbcc/include src/move.c
tools/scaninc/scaninc -M build/emerald/src/move_relearner.d -I include -I tools/agbcc/include src/move_relearner.c
tools/scaninc/scaninc -M build/emerald/src/multiboot.d -I include -I tools/agbcc/include src/multiboot.c
tools/scaninc/scaninc -M build/emerald/src/mystery_event_menu.d -I include -I tools/agbcc/include src/mystery_event_menu.c
tools/scaninc/scaninc -M build/emerald/src/mystery_event_msg.d -I include -I tools/agbcc/include src/mystery_event_msg.c
tools/scaninc/scaninc -M build/emerald/src/mystery_event_script.d -I include -I tools/agbcc/include src/mystery_event_script.c
tools/scaninc/scaninc -M build/emerald/src/mystery_gift.d -I include -I tools/agbcc/include src/mystery_gift.c
tools/scaninc/scaninc -M build/emerald/src/mystery_gift_client.d -I include -I tools/agbcc/include src/mystery_gift_client.c
tools/scaninc/scaninc -M build/emerald/src/mystery_gift_link.d -I include -I tools/agbcc/include src/mystery_gift_link.c
tools/scaninc/scaninc -M build/emerald/src/mystery_gift_menu.d -I include -I tools/agbcc/include src/mystery_gift_menu.c
tools/scaninc/scaninc -M build/emerald/src/mystery_gift_scripts.d -I include -I tools/agbcc/include src/mystery_gift_scripts.c
tools/scaninc/scaninc -M build/emerald/src/mystery_gift_server.d -I include -I tools/agbcc/include src/mystery_gift_server.c
tools/scaninc/scaninc -M build/emerald/src/mystery_gift_view.d -I include -I tools/agbcc/include src/mystery_gift_view.c
tools/scaninc/scaninc -M build/emerald/src/naming_screen.d -I include -I tools/agbcc/include src/naming_screen.c
tools/scaninc/scaninc -M build/emerald/src/new_game.d -I include -I tools/agbcc/include src/new_game.c
tools/scaninc/scaninc -M build/emerald/src/option_menu.d -I include -I tools/agbcc/include src/option_menu.c
tools/scaninc/scaninc -M build/emerald/src/oras_dowse.d -I include -I tools/agbcc/include src/oras_dowse.c
tools/scaninc/scaninc -M build/emerald/src/overworld.d -I include -I tools/agbcc/include src/overworld.c
tools/scaninc/scaninc -M build/emerald/src/palette.d -I include -I tools/agbcc/include src/palette.c
tools/scaninc/scaninc -M build/emerald/src/palette_util.d -I include -I tools/agbcc/include src/palette_util.c
tools/scaninc/scaninc -M build/emerald/src/party_menu.d -I include -I tools/agbcc/include src/party_menu.c
tools/scaninc/scaninc -M build/emerald/src/player_pc.d -I include -I tools/agbcc/include src/player_pc.c
tools/scaninc/scaninc -M build/emerald/src/play_time.d -I include -I tools/agbcc/include src/play_time.c
tools/scaninc/scaninc -M build/emerald/src/pokeball.d -I include -I tools/agbcc/include src/pokeball.c
tools/scaninc/scaninc -M build/emerald/src/pokeblock.d -I include -I tools/agbcc/include src/pokeblock.c
tools/scaninc/scaninc -M build/emerald/src/pokeblock_feed.d -I include -I tools/agbcc/include src/pokeblock_feed.c
tools/scaninc/scaninc -M build/emerald/src/pokedex_area_region_map.d -I include -I tools/agbcc/include src/pokedex_area_region_map.c
tools/scaninc/scaninc -M build/emerald/src/pokedex_area_screen.d -I include -I tools/agbcc/include src/pokedex_area_screen.c
tools/scaninc/scaninc -M build/emerald/src/pokedex.d -I include -I tools/agbcc/include src/pokedex.c
tools/scaninc/scaninc -M build/emerald/src/pokedex_cry_screen.d -I include -I tools/agbcc/include src/pokedex_cry_screen.c
tools/scaninc/scaninc -M build/emerald/src/pokedex_plus_hgss.d -I include -I tools/agbcc/include src/pokedex_plus_hgss.c
tools/scaninc/scaninc -M build/emerald/src/pokemon_animation.d -I include -I tools/agbcc/include src/pokemon_animation.c
tools/mapjson/mapjson map emerald data/maps/PetalburgCity/map.json data/layouts/layouts.json data/maps/PetalburgCity
tools/mapjson/mapjson map emerald data/maps/Route102/map.json data/layouts/layouts.json data/maps/Route102
tools/mapjson/mapjson map emerald data/maps/OldaleTown/map.json data/layouts/layouts.json data/maps/OldaleTown
tools/mapjson/mapjson map emerald data/maps/Testmap/map.json data/layouts/layouts.json data/maps/Testmap
tools/mapjson/mapjson map emerald data/maps/SongFlagArena/map.json data/layouts/layouts.json data/maps/SongFlagArena
tools/mapjson/mapjson map emerald data/maps/Klassenzimmer/map.json data/layouts/layouts.json data/maps/Klassenzimmer
tools/mapjson/mapjson map emerald data/maps/Blackhansa_Floor2/map.json data/layouts/layouts.json data/maps/Blackhansa_Floor2
tools/mapjson/mapjson map emerald data/maps/Blackhansa_Floor1/map.json data/layouts/layouts.json data/maps/Blackhansa_Floor1
tools/mapjson/mapjson map emerald data/maps/Museum2_Flag1/map.json data/layouts/layouts.json data/maps/Museum2_Flag1
tools/mapjson/mapjson map emerald data/maps/Route104/map.json data/layouts/layouts.json data/maps/Route104
tools/mapjson/mapjson map emerald data/maps/HINTERHOF/map.json data/layouts/layouts.json data/maps/HINTERHOF
tools/mapjson/mapjson map emerald data/maps/SongFlagRoom/map.json data/layouts/layouts.json data/maps/SongFlagRoom
tools/mapjson/mapjson map emerald data/maps/Museum_Flag1/map.json data/layouts/layouts.json data/maps/Museum_Flag1
python3 tools/learnset_helpers/make_teachables.py tools/learnset_helpers/build/all_learnables.json
tools/scaninc/scaninc -M build/emerald/src/pokemon.d -I include -I tools/agbcc/include src/pokemon.c
tools/scaninc/scaninc -M build/emerald/src/pokemon_icon.d -I include -I tools/agbcc/include src/pokemon_icon.c
tools/scaninc/scaninc -M build/emerald/src/pokemon_jump.d -I include -I tools/agbcc/include src/pokemon_jump.c
tools/scaninc/scaninc -M build/emerald/src/pokemon_size_record.d -I include -I tools/agbcc/include src/pokemon_size_record.c
tools/scaninc/scaninc -M build/emerald/src/pokemon_sprite_visualizer.d -I include -I tools/agbcc/include src/pokemon_sprite_visualizer.c
tools/scaninc/scaninc -M build/emerald/src/pokemon_storage_system.d -I include -I tools/agbcc/include src/pokemon_storage_system.c
tools/scaninc/scaninc -M build/emerald/src/pokemon_summary_screen.d -I include -I tools/agbcc/include src/pokemon_summary_screen.c
tools/scaninc/scaninc -M build/emerald/src/pokenav.d -I include -I tools/agbcc/include src/pokenav.c
tools/scaninc/scaninc -M build/emerald/src/pokenav_conditions.d -I include -I tools/agbcc/include src/pokenav_conditions.c
tools/scaninc/scaninc -M build/emerald/src/pokenav_conditions_gfx.d -I include -I tools/agbcc/include src/pokenav_conditions_gfx.c
tools/scaninc/scaninc -M build/emerald/src/pokenav_conditions_search_results.d -I include -I tools/agbcc/include src/pokenav_conditions_search_results.c
tools/scaninc/scaninc -M build/emerald/src/pokenav_list.d -I include -I tools/agbcc/include src/pokenav_list.c
tools/scaninc/scaninc -M build/emerald/src/pokenav_main_menu.d -I include -I tools/agbcc/include src/pokenav_main_menu.c
tools/scaninc/scaninc -M build/emerald/src/pokenav_match_call_data.d -I include -I tools/agbcc/include src/pokenav_match_call_data.c
tools/scaninc/scaninc -M build/emerald/src/pokenav_match_call_gfx.d -I include -I tools/agbcc/include src/pokenav_match_call_gfx.c
tools/scaninc/scaninc -M build/emerald/src/pokenav_match_call_list.d -I include -I tools/agbcc/include src/pokenav_match_call_list.c
tools/scaninc/scaninc -M build/emerald/src/pokenav_menu_handler.d -I include -I tools/agbcc/include src/pokenav_menu_handler.c
tools/scaninc/scaninc -M build/emerald/src/pokenav_menu_handler_gfx.d -I include -I tools/agbcc/include src/pokenav_menu_handler_gfx.c
tools/scaninc/scaninc -M build/emerald/src/pokenav_region_map.d -I include -I tools/agbcc/include src/pokenav_region_map.c
tools/scaninc/scaninc -M build/emerald/src/pokenav_ribbons_list.d -I include -I tools/agbcc/include src/pokenav_ribbons_list.c
tools/scaninc/scaninc -M build/emerald/src/pokenav_ribbons_summary.d -I include -I tools/agbcc/include src/pokenav_ribbons_summary.c
tools/scaninc/scaninc -M build/emerald/src/post_battle_event_funcs.d -I include -I tools/agbcc/include src/post_battle_event_funcs.c
tools/scaninc/scaninc -M build/emerald/src/random.d -I include -I tools/agbcc/include src/random.c
tools/scaninc/scaninc -M build/emerald/src/rayquaza_scene.d -I include -I tools/agbcc/include src/rayquaza_scene.c
tools/scaninc/scaninc -M build/emerald/src/recorded_battle.d -I include -I tools/agbcc/include src/recorded_battle.c
tools/scaninc/scaninc -M build/emerald/src/record_mixing.d -I include -I tools/agbcc/include src/record_mixing.c
tools/scaninc/scaninc -M build/emerald/src/region_map.d -I include -I tools/agbcc/include src/region_map.c
tools/scaninc/scaninc -M build/emerald/src/reload_save.d -I include -I tools/agbcc/include src/reload_save.c
tools/scaninc/scaninc -M build/emerald/src/reset_rtc_screen.d -I include -I tools/agbcc/include src/reset_rtc_screen.c
tools/scaninc/scaninc -M build/emerald/src/reshow_battle_screen.d -I include -I tools/agbcc/include src/reshow_battle_screen.c
tools/scaninc/scaninc -M build/emerald/src/roamer.d -I include -I tools/agbcc/include src/roamer.c
tools/scaninc/scaninc -M build/emerald/src/rom_header_gf.d -I include -I tools/agbcc/include src/rom_header_gf.c
tools/scaninc/scaninc -M build/emerald/src/rom_header_rhh.d -I include -I tools/agbcc/include src/rom_header_rhh.c
tools/scaninc/scaninc -M build/emerald/src/rotating_gate.d -I include -I tools/agbcc/include src/rotating_gate.c
tools/scaninc/scaninc -M build/emerald/src/rotating_tile_puzzle.d -I include -I tools/agbcc/include src/rotating_tile_puzzle.c
tools/scaninc/scaninc -M build/emerald/src/roulette.d -I include -I tools/agbcc/include src/roulette.c
tools/scaninc/scaninc -M build/emerald/src/rtc.d -I include -I tools/agbcc/include src/rtc.c
tools/scaninc/scaninc -M build/emerald/src/safari_zone.d -I include -I tools/agbcc/include src/safari_zone.c
tools/scaninc/scaninc -M build/emerald/src/save.d -I include -I tools/agbcc/include src/save.c
tools/scaninc/scaninc -M build/emerald/src/save_failed_screen.d -I include -I tools/agbcc/include src/save_failed_screen.c
tools/scaninc/scaninc -M build/emerald/src/save_location.d -I include -I tools/agbcc/include src/save_location.c
tools/scaninc/scaninc -M build/emerald/src/scanline_effect.d -I include -I tools/agbcc/include src/scanline_effect.c
tools/scaninc/scaninc -M build/emerald/src/scrcmd.d -I include -I tools/agbcc/include src/scrcmd.c
tools/scaninc/scaninc -M build/emerald/src/script.d -I include -I tools/agbcc/include src/script.c
tools/scaninc/scaninc -M build/emerald/src/script_menu.d -I include -I tools/agbcc/include src/script_menu.c
tools/scaninc/scaninc -M build/emerald/src/script_movement.d -I include -I tools/agbcc/include src/script_movement.c
tools/scaninc/scaninc -M build/emerald/src/script_pokemon_util.d -I include -I tools/agbcc/include src/script_pokemon_util.c
tools/scaninc/scaninc -M build/emerald/src/secret_base.d -I include -I tools/agbcc/include src/secret_base.c
tools/scaninc/scaninc -M build/emerald/src/shop.d -I include -I tools/agbcc/include src/shop.c
tools/scaninc/scaninc -M build/emerald/src/slot_machine.d -I include -I tools/agbcc/include src/slot_machine.c
tools/scaninc/scaninc -M build/emerald/src/sound.d -I include -I tools/agbcc/include src/sound.c
tools/scaninc/scaninc -M build/emerald/src/sprays.d -I include -I tools/agbcc/include src/sprays.c
tools/scaninc/scaninc -M build/emerald/src/sprite.d -I include -I tools/agbcc/include src/sprite.c
tools/scaninc/scaninc -M build/emerald/src/starter_choose.d -I include -I tools/agbcc/include src/starter_choose.c
tools/scaninc/scaninc -M build/emerald/src/start_menu.d -I include -I tools/agbcc/include src/start_menu.c
tools/scaninc/scaninc -M build/emerald/src/strings.d -I include -I tools/agbcc/include src/strings.c
tools/scaninc/scaninc -M build/emerald/src/string_util.d -I include -I tools/agbcc/include src/string_util.c
tools/scaninc/scaninc -M build/emerald/src/task.d -I include -I tools/agbcc/include src/task.c
tools/scaninc/scaninc -M build/emerald/src/test_runner_stub.d -I include -I tools/agbcc/include src/test_runner_stub.c
tools/scaninc/scaninc -M build/emerald/src/text.d -I include -I tools/agbcc/include src/text.c
tools/scaninc/scaninc -M build/emerald/src/text_input_strings.d -I include -I tools/agbcc/include src/text_input_strings.c
tools/scaninc/scaninc -M build/emerald/src/text_window.d -I include -I tools/agbcc/include src/text_window.c
tools/scaninc/scaninc -M build/emerald/src/tileset_anims.d -I include -I tools/agbcc/include src/tileset_anims.c
tools/scaninc/scaninc -M build/emerald/src/tilesets.d -I include -I tools/agbcc/include src/tilesets.c
tools/scaninc/scaninc -M build/emerald/src/time_events.d -I include -I tools/agbcc/include src/time_events.c
tools/scaninc/scaninc -M build/emerald/src/title_screen.d -I include -I tools/agbcc/include src/title_screen.c
tools/scaninc/scaninc -M build/emerald/src/trade.d -I include -I tools/agbcc/include src/trade.c
tools/scaninc/scaninc -M build/emerald/src/trader.d -I include -I tools/agbcc/include src/trader.c
tools/scaninc/scaninc -M build/emerald/src/trainer_card.d -I include -I tools/agbcc/include src/trainer_card.c
tools/scaninc/scaninc -M build/emerald/src/trainer_hill.d -I include -I tools/agbcc/include src/trainer_hill.c
tools/scaninc/scaninc -M build/emerald/src/trainer_pokemon_sprites.d -I include -I tools/agbcc/include src/trainer_pokemon_sprites.c
tools/scaninc/scaninc -M build/emerald/src/trainer_pools.d -I include -I tools/agbcc/include src/trainer_pools.c
tools/scaninc/scaninc -M build/emerald/src/trainer_see.d -I include -I tools/agbcc/include src/trainer_see.c
tools/scaninc/scaninc -M build/emerald/src/trainer_slide.d -I include -I tools/agbcc/include src/trainer_slide.c
tools/scaninc/scaninc -M build/emerald/src/trig.d -I include -I tools/agbcc/include src/trig.c
tools/scaninc/scaninc -M build/emerald/src/tv.d -I include -I tools/agbcc/include src/tv.c
tools/scaninc/scaninc -M build/emerald/src/type_icons.d -I include -I tools/agbcc/include src/type_icons.c
tools/scaninc/scaninc -M build/emerald/src/union_room_battle.d -I include -I tools/agbcc/include src/union_room_battle.c
tools/scaninc/scaninc -M build/emerald/src/union_room.d -I include -I tools/agbcc/include src/union_room.c
tools/scaninc/scaninc -M build/emerald/src/union_room_chat.d -I include -I tools/agbcc/include src/union_room_chat.c
tools/scaninc/scaninc -M build/emerald/src/union_room_player_avatar.d -I include -I tools/agbcc/include src/union_room_player_avatar.c
tools/scaninc/scaninc -M build/emerald/src/use_pokeblock.d -I include -I tools/agbcc/include src/use_pokeblock.c
tools/scaninc/scaninc -M build/emerald/src/util.d -I include -I tools/agbcc/include src/util.c
tools/scaninc/scaninc -M build/emerald/src/vs_seeker.d -I include -I tools/agbcc/include src/vs_seeker.c
tools/scaninc/scaninc -M build/emerald/src/walda_phrase.d -I include -I tools/agbcc/include src/walda_phrase.c
tools/scaninc/scaninc -M build/emerald/src/wallclock.d -I include -I tools/agbcc/include src/wallclock.c
tools/scaninc/scaninc -M build/emerald/src/wild_encounter.d -I include -I tools/agbcc/include src/wild_encounter.c
tools/scaninc/scaninc -M build/emerald/src/window.d -I include -I tools/agbcc/include src/window.c
tools/scaninc/scaninc -M build/emerald/src/wireless_communication_status_screen.d -I include -I tools/agbcc/include src/wireless_communication_status_screen.c
tools/scaninc/scaninc -M build/emerald/src/wonder_news.d -I include -I tools/agbcc/include src/wonder_news.c
tools/scaninc/scaninc -M build/emerald/data/event_scripts.d -I include -I "" data/event_scripts.s
tools/scaninc/scaninc -M build/emerald/data/mystery_gift.d -I include -I "" data/mystery_gift.s
python3 tools/learnset_helpers/make_teachables.py tools/learnset_helpers/build/all_learnables.json
/usr/lib/gcc/arm-none-eabi/14.2.1/cc1 -quiet <flags> -o build/emerald/src/AgbRfu_LinkManager.o src/AgbRfu_LinkManager.c
/usr/lib/gcc/arm-none-eabi/14.2.1/cc1 -quiet <flags> -o build/emerald/src/apprentice.o src/apprentice.c
/usr/lib/gcc/arm-none-eabi/14.2.1/cc1 -quiet <flags> -o build/emerald/src/apricorn_tree.o src/apricorn_tree.c
/usr/lib/gcc/arm-none-eabi/14.2.1/cc1 -quiet <flags> -o build/emerald/src/bard_music.o src/bard_music.c
/usr/lib/gcc/arm-none-eabi/14.2.1/cc1 -quiet <flags> -o build/emerald/src/battle_ai_field_statuses.o src/battle_ai_field_statuses.c
/usr/lib/gcc/arm-none-eabi/14.2.1/cc1 -quiet <flags> -o build/emerald/src/battle_ai_main.o src/battle_ai_main.c
/usr/lib/gcc/arm-none-eabi/14.2.1/cc1 -quiet <flags> -o build/emerald/src/battle_ai_switch_items.o src/battle_ai_switch_items.c
/usr/lib/gcc/arm-none-eabi/14.2.1/cc1 -quiet <flags> -o build/emerald/src/battle_ai_util.o src/battle_ai_util.c
/usr/lib/gcc/arm-none-eabi/14.2.1/cc1 -quiet <flags> -o build/emerald/src/battle_anim_bug.o src/battle_anim_bug.c
/usr/lib/gcc/arm-none-eabi/14.2.1/cc1 -quiet <flags> -o build/emerald/src/battle_anim.o src/battle_anim.c
/usr/lib/gcc/arm-none-eabi/14.2.1/cc1 -quiet <flags> -o build/emerald/src/battle_anim_dark.o src/battle_anim_dark.c
/usr/lib/gcc/arm-none-eabi/14.2.1/cc1 -quiet <flags> -o build/emerald/src/battle_anim_dragon.o src/battle_anim_dragon.c
/usr/lib/gcc/arm-none-eabi/14.2.1/cc1 -quiet <flags> -o build/emerald/src/battle_anim_effects_1.o src/battle_anim_effects_1.c
/usr/lib/gcc/arm-none-eabi/14.2.1/cc1 -quiet <flags> -o build/emerald/src/battle_anim_effects_2.o src/battle_anim_effects_2.c
/usr/lib/gcc/arm-none-eabi/14.2.1/cc1 -quiet <flags> -o build/emerald/src/battle_anim_effects_3.o src/battle_anim_effects_3.c
/usr/lib/gcc/arm-none-eabi/14.2.1/cc1 -quiet <flags> -o build/emerald/src/battle_anim_electric.o src/battle_anim_electric.c
/usr/lib/gcc/arm-none-eabi/14.2.1/cc1 -quiet <flags> -o build/emerald/src/battle_anim_fight.o src/battle_anim_fight.c
/usr/lib/gcc/arm-none-eabi/14.2.1/cc1 -quiet <flags> -o build/emerald/src/battle_anim_fire.o src/battle_anim_fire.c
/usr/lib/gcc/arm-none-eabi/14.2.1/cc1 -quiet <flags> -o build/emerald/src/battle_anim_flying.o src/battle_anim_flying.c
/usr/lib/gcc/arm-none-eabi/14.2.1/cc1 -quiet <flags> -o build/emerald/src/battle_anim_ghost.o src/battle_anim_ghost.c
/usr/lib/gcc/arm-none-eabi/14.2.1/cc1 -quiet <flags> -o build/emerald/src/battle_anim_ground.o src/battle_anim_ground.c
/usr/lib/gcc/arm-none-eabi/14.2.1/cc1 -quiet <flags> -o build/emerald/src/battle_anim_ice.o src/battle_anim_ice.c
/usr/lib/gcc/arm-none-eabi/14.2.1/cc1 -quiet <flags> -o build/emerald/src/battle_anim_mon_movement.o src/battle_anim_mon_movement.c
/usr/lib/gcc/arm-none-eabi/14.2.1/cc1 -quiet <flags> -o build/emerald/src/battle_anim_mons.o src/battle_anim_mons.c
/usr/lib/gcc/arm-none-eabi/14.2.1/cc1 -quiet <flags> -o build/emerald/src/battle_anim_new.o src/battle_anim_new.c
/usr/lib/gcc/arm-none-eabi/14.2.1/cc1 -quiet <flags> -o build/emerald/src/battle_anim_normal.o src/battle_anim_normal.c
/usr/lib/gcc/arm-none-eabi/14.2.1/cc1 -quiet <flags> -o build/emerald/src/battle_anim_poison.o src/battle_anim_poison.c
/usr/lib/gcc/arm-none-eabi/14.2.1/cc1 -quiet <flags> -o build/emerald/src/battle_anim_psychic.o src/battle_anim_psychic.c
/usr/lib/gcc/arm-none-eabi/14.2.1/cc1 -quiet <flags> -o build/emerald/src/battle_anim_rock.o src/battle_anim_rock.c
/usr/lib/gcc/arm-none-eabi/14.2.1/cc1 -quiet <flags> -o build/emerald/src/battle_anim_smokescreen.o src/battle_anim_smokescreen.c
/usr/lib/gcc/arm-none-eabi/14.2.1/cc1 -quiet <flags> -o build/emerald/src/battle_anim_sound_tasks.o src/battle_anim_sound_tasks.c
/usr/lib/gcc/arm-none-eabi/14.2.1/cc1 -quiet <flags> -o build/emerald/src/battle_anim_status_effects.o src/battle_anim_status_effects.c
/usr/lib/gcc/arm-none-eabi/14.2.1/cc1 -quiet <flags> -o build/emerald/src/battle_anim_throw.o src/battle_anim_throw.c
/usr/lib/gcc/arm-none-eabi/14.2.1/cc1 -quiet <flags> -o build/emerald/src/battle_anim_utility_funcs.o src/battle_anim_utility_funcs.c
/usr/lib/gcc/arm-none-eabi/14.2.1/cc1 -quiet <flags> -o build/emerald/src/battle_anim_water.o src/battle_anim_water.c
/usr/lib/gcc/arm-none-eabi/14.2.1/cc1 -quiet <flags> -o build/emerald/src/battle_arena.o src/battle_arena.c
/usr/lib/gcc/arm-none-eabi/14.2.1/cc1 -quiet <flags> -o build/emerald/src/battle_bg.o src/battle_bg.c
/usr/lib/gcc/arm-none-eabi/14.2.1/cc1 -quiet <flags> -o build/emerald/src/battle_controller_link_opponent.o src/battle_controller_link_opponent.c
/usr/lib/gcc/arm-none-eabi/14.2.1/cc1 -quiet <flags> -o build/emerald/src/battle_controller_link_partner.o src/battle_controller_link_partner.c
/usr/lib/gcc/arm-none-eabi/14.2.1/cc1 -quiet <flags> -o build/emerald/src/battle_controller_opponent.o src/battle_controller_opponent.c
/usr/lib/gcc/arm-none-eabi/14.2.1/cc1 -quiet <flags> -o build/emerald/src/battle_controller_player.o src/battle_controller_player.c
/usr/lib/gcc/arm-none-eabi/14.2.1/cc1 -quiet <flags> -o build/emerald/src/battle_controller_player_partner.o src/battle_controller_player_partner.c
/usr/lib/gcc/arm-none-eabi/14.2.1/cc1 -quiet <flags> -o build/emerald/src/battle_controller_recorded_opponent.o src/battle_controller_recorded_opponent.c
/usr/lib/gcc/arm-none-eabi/14.2.1/cc1 -quiet <flags> -o build/emerald/src/battle_controller_recorded_partner.o src/battle_controller_recorded_partner.c
/usr/lib/gcc/arm-none-eabi/14.2.1/cc1 -quiet <flags> -o build/emerald/src/battle_controller_recorded_player.o src/battle_controller_recorded_player.c
/usr/lib/gcc/arm-none-eabi/14.2.1/cc1 -quiet <flags> -o build/emerald/src/battle_controller_safari.o src/battle_controller_safari.c
/usr/lib/gcc/arm-none-eabi/14.2.1/cc1 -quiet <flags> -o build/emerald/src/battle_controllers.o src/battle_controllers.c
/usr/lib/gcc/arm-none-eabi/14.2.1/cc1 -quiet <flags> -o build/emerald/src/battle_controller_wally.o src/battle_controller_wally.c
/usr/lib/gcc/arm-none-eabi/14.2.1/cc1 -quiet <flags> -o build/emerald/src/battle_debug.o src/battle_debug.c
/usr/lib/gcc/arm-none-eabi/14.2.1/cc1 -quiet <flags> -o build/emerald/src/battle_dome.o src/battle_dome.c
/usr/lib/gcc/arm-none-eabi/14.2.1/cc1 -quiet <flags> -o build/emerald/src/battle_dynamax.o src/battle_dynamax.c
/usr/lib/gcc/arm-none-eabi/14.2.1/cc1 -quiet <flags> -o build/emerald/src/battle_end_turn.o src/battle_end_turn.c
/usr/lib/gcc/arm-none-eabi/14.2.1/cc1 -quiet <flags> -o build/emerald/src/battle_factory.o src/battle_factory.c
/usr/lib/gcc/arm-none-eabi/14.2.1/cc1 -quiet <flags> -o build/emerald/src/battle_factory_screen.o src/battle_factory_screen.c
/usr/lib/gcc/arm-none-eabi/14.2.1/cc1 -quiet <flags> -o build/emerald/src/battle_gfx_sfx_util.o src/battle_gfx_sfx_util.c
/usr/lib/gcc/arm-none-eabi/14.2.1/cc1 -quiet <flags> -o build/emerald/src/battle_gimmick.o src/battle_gimmick.c
/usr/lib/gcc/arm-none-eabi/14.2.1/cc1 -quiet <flags> -o build/emerald/src/battle_hold_effects.o src/battle_hold_effects.c
/usr/lib/gcc/arm-none-eabi/14.2.1/cc1 -quiet <flags> -o build/emerald/src/battle_interface.o src/battle_interface.c
/usr/lib/gcc/arm-none-eabi/14.2.1/cc1 -quiet <flags> -o build/emerald/src/battle_intro.o src/battle_intro.c
/usr/lib/gcc/arm-none-eabi/14.2.1/cc1 -quiet <flags> -o build/emerald/src/battle_main.o src/battle_main.c
/usr/lib/gcc/arm-none-eabi/14.2.1/cc1 -quiet <flags> -o build/emerald/src/battle_message.o src/battle_message.c
/usr/lib/gcc/arm-none-eabi/14.2.1/cc1 -quiet <flags> -o build/emerald/src/battle_palace.o src/battle_palace.c
/usr/lib/gcc/arm-none-eabi/14.2.1/cc1 -quiet <flags> -o build/emerald/src/battle_pike.o src/battle_pike.c
/usr/lib/gcc/arm-none-eabi/14.2.1/cc1 -quiet <flags> -o build/emerald/src/battle_pyramid_bag.o src/battle_pyramid_bag.c
/usr/lib/gcc/arm-none-eabi/14.2.1/cc1 -quiet <flags> -o build/emerald/src/battle_pyramid.o src/battle_pyramid.c
/usr/lib/gcc/arm-none-eabi/14.2.1/cc1 -quiet <flags> -o build/emerald/src/battle_records.o src/battle_records.c
/usr/lib/gcc/arm-none-eabi/14.2.1/cc1 -quiet <flags> -o build/emerald/src/battle_script_commands.o src/battle_script_commands.c
/usr/lib/gcc/arm-none-eabi/14.2.1/cc1 -quiet <flags> -o build/emerald/src/battle_setup.o src/battle_setup.c
/usr/lib/gcc/arm-none-eabi/14.2.1/cc1 -quiet <flags> -o build/emerald/src/battle_tent.o src/battle_tent.c
/usr/lib/gcc/arm-none-eabi/14.2.1/cc1 -quiet <flags> -o build/emerald/src/battle_terastal.o src/battle_terastal.c
/usr/lib/gcc/arm-none-eabi/14.2.1/cc1 -quiet <flags> -o build/emerald/src/battle_tower.o src/battle_tower.c
/usr/lib/gcc/arm-none-eabi/14.2.1/cc1 -quiet <flags> -o build/emerald/src/battle_transition.o src/battle_transition.c
/usr/lib/gcc/arm-none-eabi/14.2.1/cc1 -quiet <flags> -o build/emerald/src/battle_transition_frontier.o src/battle_transition_frontier.c
/usr/lib/gcc/arm-none-eabi/14.2.1/cc1 -quiet <flags> -o build/emerald/src/battle_tv.o src/battle_tv.c
/usr/lib/gcc/arm-none-eabi/14.2.1/cc1 -quiet <flags> -o build/emerald/src/battle_util2.o src/battle_util2.c
/usr/lib/gcc/arm-none-eabi/14.2.1/cc1 -quiet <flags> -o build/emerald/src/battle_util.o src/battle_util.c
/usr/lib/gcc/arm-none-eabi/14.2.1/cc1 -quiet <flags> -o build/emerald/src/battle_z_move.o src/battle_z_move.c
/usr/lib/gcc/arm-none-eabi/14.2.1/cc1 -quiet <flags> -o build/emerald/src/berry_blender.o src/berry_blender.c
/usr/lib/gcc/arm-none-eabi/14.2.1/cc1 -quiet <flags> -o build/emerald/src/berry.o src/berry.c
/usr/lib/gcc/arm-none-eabi/14.2.1/cc1 -quiet <flags> -o build/emerald/src/berry_crush.o src/berry_crush.c
/usr/lib/gcc/arm-none-eabi/14.2.1/cc1 -quiet <flags> -o build/emerald/src/berry_fix_graphics.o src/berry_fix_graphics.c
/usr/lib/gcc/arm-none-eabi/14.2.1/cc1 -quiet <flags> -o build/emerald/src/berry_fix_program.o src/berry_fix_program.c
/usr/lib/gcc/arm-none-eabi/14.2.1/cc1 -quiet <flags> -o build/emerald/src/berry_powder.o src/berry_powder.c
/usr/lib/gcc/arm-none-eabi/14.2.1/cc1 -quiet <flags> -o build/emerald/src/berry_tag_screen.o src/berry_tag_screen.c
/usr/lib/gcc/arm-none-eabi/14.2.1/cc1 -quiet <flags> -o build/emerald/src/bg.o src/bg.c
/usr/lib/gcc/arm-none-eabi/14.2.1/cc1 -quiet <flags> -o build/emerald/src/bike.o src/bike.c
/usr/lib/gcc/arm-none-eabi/14.2.1/cc1 -quiet <flags> -o build/emerald/src/birch_pc.o src/birch_pc.c
/usr/lib/gcc/arm-none-eabi/14.2.1/cc1 -quiet <flags> -o build/emerald/src/blit.o src/blit.c
/usr/lib/gcc/arm-none-eabi/14.2.1/cc1 -quiet <flags> -o build/emerald/src/braille.o src/braille.c
/usr/lib/gcc/arm-none-eabi/14.2.1/cc1 -quiet <flags> -o build/emerald/src/braille_puzzles.o src/braille_puzzles.c
/usr/lib/gcc/arm-none-eabi/14.2.1/cc1 -quiet <flags> -o build/emerald/src/cable_car.o src/cable_car.c
/usr/lib/gcc/arm-none-eabi/14.2.1/cc1 -quiet <flags> -o build/emerald/src/cable_club.o src/cable_club.c
/usr/lib/gcc/arm-none-eabi/14.2.1/cc1 -quiet <flags> -o build/emerald/src/caps.o src/caps.c
/usr/lib/gcc/arm-none-eabi/14.2.1/cc1 -quiet <flags> -o build/emerald/src/clear_save_data_screen.o src/clear_save_data_screen.c
/usr/lib/gcc/arm-none-eabi/14.2.1/cc1 -quiet <flags> -o build/emerald/src/clock.o src/clock.c
/usr/lib/gcc/arm-none-eabi/14.2.1/cc1 -quiet <flags> -o build/emerald/src/coins.o src/coins.c
/usr/lib/gcc/arm-none-eabi/14.2.1/cc1 -quiet <flags> -o build/emerald/src/confetti_util.o src/confetti_util.c
/usr/lib/gcc/arm-none-eabi/14.2.1/cc1 -quiet <flags> -o build/emerald/src/contest_ai.o src/contest_ai.c
/usr/lib/gcc/arm-none-eabi/14.2.1/cc1 -quiet <flags> -o build/emerald/src/contest.o src/contest.c
/usr/lib/gcc/arm-none-eabi/14.2.1/cc1 -quiet <flags> -o build/emerald/src/contest_effect.o src/contest_effect.c
/usr/lib/gcc/arm-none-eabi/14.2.1/cc1 -quiet <flags> -o build/emerald/src/contest_link.o src/contest_link.c
/usr/lib/gcc/arm-none-eabi/14.2.1/cc1 -quiet <flags> -o build/emerald/src/contest_link_util.o src/contest_link_util.c
/usr/lib/gcc/arm-none-eabi/14.2.1/cc1 -quiet <flags> -o build/emerald/src/contest_painting.o src/contest_painting.c
/usr/lib/gcc/arm-none-eabi/14.2.1/cc1 -quiet <flags> -o build/emerald/src/contest_util.o src/contest_util.c
/usr/lib/gcc/arm-none-eabi/14.2.1/cc1 -quiet <flags> -o build/emerald/src/coord_event_weather.o src/coord_event_weather.c
/usr/lib/gcc/arm-none-eabi/14.2.1/cc1 -quiet <flags> -o build/emerald/src/credits.o src/credits.c
/usr/lib/gcc/arm-none-eabi/14.2.1/cc1 -quiet <flags> -o build/emerald/src/ctf_flags.o src/ctf_flags.c
/usr/lib/gcc/arm-none-eabi/14.2.1/cc1 -quiet <flags> -o build/emerald/src/ctf_flag_terminal.o src/ctf_flag_terminal.c
/usr/lib/gcc/arm-none-eabi/14.2.1/cc1 -quiet <flags> -o build/emerald/src/ctf_save_flag.o src/ctf_save_flag.c
/usr/lib/gcc/arm-none-eabi/14.2.1/cc1 -quiet <flags> -o build/emerald/src/data.o src/data.c
/usr/lib/gcc/arm-none-eabi/14.2.1/cc1 -quiet <flags> -o build/emerald/src/datetime.o src/datetime.c
/usr/lib/gcc/arm-none-eabi/14.2.1/cc1 -quiet <flags> -o build/emerald/src/daycare.o src/daycare.c
/usr/lib/gcc/arm-none-eabi/14.2.1/cc1 -quiet <flags> -o build/emerald/src/debug.o src/debug.c
/usr/lib/gcc/arm-none-eabi/14.2.1/cc1 -quiet <flags> -o build/emerald/src/decompress.o src/decompress.c
/usr/lib/gcc/arm-none-eabi/14.2.1/cc1 -quiet <flags> -o build/emerald/src/decompress_error_handler.o src/decompress_error_handler.c
/usr/lib/gcc/arm-none-eabi/14.2.1/cc1 -quiet <flags> -o build/emerald/src/decoration.o src/decoration.c
/usr/lib/gcc/arm-none-eabi/14.2.1/cc1 -quiet <flags> -o build/emerald/src/decoration_inventory.o src/decoration_inventory.c
/usr/lib/gcc/arm-none-eabi/14.2.1/cc1 -quiet <flags> -o build/emerald/src/dewford_trend.o src/dewford_trend.c
/usr/lib/gcc/arm-none-eabi/14.2.1/cc1 -quiet <flags> -o build/emerald/src/dexnav.o src/dexnav.c
/usr/lib/gcc/arm-none-eabi/14.2.1/cc1 -quiet <flags> -o build/emerald/src/difficulty.o src/difficulty.c
/usr/lib/gcc/arm-none-eabi/14.2.1/cc1 -quiet <flags> -o build/emerald/src/digit_obj_util.o src/digit_obj_util.c
/usr/lib/gcc/arm-none-eabi/14.2.1/cc1 -quiet <flags> -o build/emerald/src/diploma.o src/diploma.c
/usr/lib/gcc/arm-none-eabi/14.2.1/cc1 -quiet <flags> -o build/emerald/src/dma3_manager.o src/dma3_manager.c
/usr/lib/gcc/arm-none-eabi/14.2.1/cc1 -quiet <flags> -o build/emerald/src/dodrio_berry_picking.o src/dodrio_berry_picking.c
/usr/lib/gcc/arm-none-eabi/14.2.1/cc1 -quiet <flags> -o build/emerald/src/dynamic_placeholder_text_util.o src/dynamic_placeholder_text_util.c
/usr/lib/gcc/arm-none-eabi/14.2.1/cc1 -quiet <flags> -o build/emerald/src/easy_chat.o src/easy_chat.c
/usr/lib/gcc/arm-none-eabi/14.2.1/cc1 -quiet <flags> -o build/emerald/src/egg_hatch.o src/egg_hatch.c
/usr/lib/gcc/arm-none-eabi/14.2.1/cc1 -quiet <flags> -o build/emerald/src/ereader_helpers.o src/ereader_helpers.c
/usr/lib/gcc/arm-none-eabi/14.2.1/cc1 -quiet <flags> -o build/emerald/src/ereader_screen.o src/ereader_screen.c
/usr/lib/gcc/arm-none-eabi/14.2.1/cc1 -quiet <flags> -o build/emerald/src/event_data.o src/event_data.c
/usr/lib/gcc/arm-none-eabi/14.2.1/cc1 -quiet <flags> -o build/emerald/src/event_object_lock.o src/event_object_lock.c
/usr/lib/gcc/arm-none-eabi/14.2.1/cc1 -quiet <flags> -o build/emerald/src/event_object_movement.o src/event_object_movement.c
/usr/lib/gcc/arm-none-eabi/14.2.1/cc1 -quiet <flags> -o build/emerald/src/evolution_graphics.o src/evolution_graphics.c
/usr/lib/gcc/arm-none-eabi/14.2.1/cc1 -quiet <flags> -o build/emerald/src/evolution_scene.o src/evolution_scene.c
/usr/lib/gcc/arm-none-eabi/14.2.1/cc1 -quiet <flags> -o build/emerald/src/expansion_intro.o src/expansion_intro.c
/usr/lib/gcc/arm-none-eabi/14.2.1/cc1 -quiet <flags> -o build/emerald/src/fake_rtc.o src/fake_rtc.c
/usr/lib/gcc/arm-none-eabi/14.2.1/cc1 -quiet <flags> -o build/emerald/src/faraway_island.o src/faraway_island.c
/usr/lib/gcc/arm-none-eabi/14.2.1/cc1 -quiet <flags> -o build/emerald/src/field_camera.o src/field_camera.c
/usr/lib/gcc/arm-none-eabi/14.2.1/cc1 -quiet <flags> -o build/emerald/src/field_control_avatar.o src/field_control_avatar.c
/usr/lib/gcc/arm-none-eabi/14.2.1/cc1 -quiet <flags> -o build/emerald/src/field_door.o src/field_door.c
/usr/lib/gcc/arm-none-eabi/14.2.1/cc1 -quiet <flags> -o build/emerald/src/field_effect.o src/field_effect.c
/usr/lib/gcc/arm-none-eabi/14.2.1/cc1 -quiet <flags> -o build/emerald/src/field_effect_helpers.o src/field_effect_helpers.c
/usr/lib/gcc/arm-none-eabi/14.2.1/cc1 -quiet <flags> -o build/emerald/src/fieldmap.o src/fieldmap.c
/usr/lib/gcc/arm-none-eabi/14.2.1/cc1 -quiet <flags> -o build/emerald/src/field_message_box.o src/field_message_box.c
/usr/lib/gcc/arm-none-eabi/14.2.1/cc1 -quiet <flags> -o build/emerald/src/field_move.o src/field_move.c
/usr/lib/gcc/arm-none-eabi/14.2.1/cc1 -quiet <flags> -o build/emerald/src/field_name_box.o src/field_name_box.c
/usr/lib/gcc/arm-none-eabi/14.2.1/cc1 -quiet <flags> -o build/emerald/src/field_player_avatar.o src/field_player_avatar.c
/usr/lib/gcc/arm-none-eabi/14.2.1/cc1 -quiet <flags> -o build/emerald/src/field_poison.o src/field_poison.c
/usr/lib/gcc/arm-none-eabi/14.2.1/cc1 -quiet <flags> -o build/emerald/src/field_region_map.o src/field_region_map.c
/usr/lib/gcc/arm-none-eabi/14.2.1/cc1 -quiet <flags> -o build/emerald/src/field_screen_effect.o src/field_screen_effect.c
/usr/lib/gcc/arm-none-eabi/14.2.1/cc1 -quiet <flags> -o build/emerald/src/field_specials.o src/field_specials.c
/usr/lib/gcc/arm-none-eabi/14.2.1/cc1 -quiet <flags> -o build/emerald/src/field_special_scene.o src/field_special_scene.c
/usr/lib/gcc/arm-none-eabi/14.2.1/cc1 -quiet <flags> -o build/emerald/src/field_tasks.o src/field_tasks.c
/usr/lib/gcc/arm-none-eabi/14.2.1/cc1 -quiet <flags> -o build/emerald/src/field_weather.o src/field_weather.c
/usr/lib/gcc/arm-none-eabi/14.2.1/cc1 -quiet <flags> -o build/emerald/src/field_weather_effect.o src/field_weather_effect.c
/usr/lib/gcc/arm-none-eabi/14.2.1/cc1 -quiet <flags> -o build/emerald/src/fishing.o src/fishing.c
/usr/lib/gcc/arm-none-eabi/14.2.1/cc1 -quiet <flags> -o build/emerald/src/fldeff_cut.o src/fldeff_cut.c
/usr/lib/gcc/arm-none-eabi/14.2.1/cc1 -quiet <flags> -o build/emerald/src/fldeff_defog.o src/fldeff_defog.c
/usr/lib/gcc/arm-none-eabi/14.2.1/cc1 -quiet <flags> -o build/emerald/src/fldeff_dig.o src/fldeff_dig.c
/usr/lib/gcc/arm-none-eabi/14.2.1/cc1 -quiet <flags> -o build/emerald/src/fldeff_escalator.o src/fldeff_escalator.c
/usr/lib/gcc/arm-none-eabi/14.2.1/cc1 -quiet <flags> -o build/emerald/src/fldeff_flash.o src/fldeff_flash.c
/usr/lib/gcc/arm-none-eabi/14.2.1/cc1 -quiet <flags> -o build/emerald/src/fldeff_misc.o src/fldeff_misc.c
/usr/lib/gcc/arm-none-eabi/14.2.1/cc1 -quiet <flags> -o build/emerald/src/fldeff_rocksmash.o src/fldeff_rocksmash.c
/usr/lib/gcc/arm-none-eabi/14.2.1/cc1 -quiet <flags> -o build/emerald/src/fldeff_softboiled.o src/fldeff_softboiled.c
/usr/lib/gcc/arm-none-eabi/14.2.1/cc1 -quiet <flags> -o build/emerald/src/fldeff_strength.o src/fldeff_strength.c
/usr/lib/gcc/arm-none-eabi/14.2.1/cc1 -quiet <flags> -o build/emerald/src/fldeff_sweetscent.o src/fldeff_sweetscent.c
/usr/lib/gcc/arm-none-eabi/14.2.1/cc1 -quiet <flags> -o build/emerald/src/fldeff_teleport.o src/fldeff_teleport.c
/usr/lib/gcc/arm-none-eabi/14.2.1/cc1 -quiet <flags> -o build/emerald/src/follower_helper.o src/follower_helper.c
/usr/lib/gcc/arm-none-eabi/14.2.1/cc1 -quiet <flags> -o build/emerald/src/follower_npc.o src/follower_npc.c
/usr/lib/gcc/arm-none-eabi/14.2.1/cc1 -quiet <flags> -o build/emerald/src/fonts.o src/fonts.c
/usr/lib/gcc/arm-none-eabi/14.2.1/cc1 -quiet <flags> -o build/emerald/src/frontier_pass.o src/frontier_pass.c
/usr/lib/gcc/arm-none-eabi/14.2.1/cc1 -quiet <flags> -o build/emerald/src/frontier_util.o src/frontier_util.c
/usr/lib/gcc/arm-none-eabi/14.2.1/cc1 -quiet <flags> -o build/emerald/src/generational_changes.o src/generational_changes.c
/usr/lib/gcc/arm-none-eabi/14.2.1/cc1 -quiet <flags> -o build/emerald/src/gpu_regs.o src/gpu_regs.c
/usr/lib/gcc/arm-none-eabi/14.2.1/cc1 -quiet <flags> -o build/emerald/src/graphics.o src/graphics.c
/usr/lib/gcc/arm-none-eabi/14.2.1/cc1 -quiet <flags> -o build/emerald/src/gym_leader_rematch.o src/gym_leader_rematch.c
/usr/lib/gcc/arm-none-eabi/14.2.1/cc1 -quiet <flags> -o build/emerald/src/hall_of_fame.o src/hall_of_fame.c
/usr/lib/gcc/arm-none-eabi/14.2.1/cc1 -quiet <flags> -o build/emerald/src/heal_location.o src/heal_location.c
/usr/lib/gcc/arm-none-eabi/14.2.1/cc1 -quiet <flags> -o build/emerald/src/hof_pc.o src/hof_pc.c
/usr/lib/gcc/arm-none-eabi/14.2.1/cc1 -quiet <flags> -o build/emerald/src/image_processing_effects.o src/image_processing_effects.c
/usr/lib/gcc/arm-none-eabi/14.2.1/cc1 -quiet <flags> -o build/emerald/src/international_string_util.o src/international_string_util.c
/usr/lib/gcc/arm-none-eabi/14.2.1/cc1 -quiet <flags> -o build/emerald/src/intro.o src/intro.c
/usr/lib/gcc/arm-none-eabi/14.2.1/cc1 -quiet <flags> -o build/emerald/src/intro_credits_graphics.o src/intro_credits_graphics.c
/usr/lib/gcc/arm-none-eabi/14.2.1/cc1 -quiet <flags> -o build/emerald/src/io_reg.o src/io_reg.c
/usr/lib/gcc/arm-none-eabi/14.2.1/cc1 -quiet <flags> -o build/emerald/src/item_ball.o src/item_ball.c
/usr/lib/gcc/arm-none-eabi/14.2.1/cc1 -quiet <flags> -o build/emerald/src/item.o src/item.c
/usr/lib/gcc/arm-none-eabi/14.2.1/cc1 -quiet <flags> -o build/emerald/src/item_icon.o src/item_icon.c
/usr/lib/gcc/arm-none-eabi/14.2.1/cc1 -quiet <flags> -o build/emerald/src/item_menu.o src/item_menu.c
/usr/lib/gcc/arm-none-eabi/14.2.1/cc1 -quiet <flags> -o build/emerald/src/item_menu_icons.o src/item_menu_icons.c
/usr/lib/gcc/arm-none-eabi/14.2.1/cc1 -quiet <flags> -o build/emerald/src/item_use.o src/item_use.c
/usr/lib/gcc/arm-none-eabi/14.2.1/cc1 -quiet <flags> -o build/emerald/src/landmark.o src/landmark.c
/usr/lib/gcc/arm-none-eabi/14.2.1/cc1 -quiet <flags> -o build/emerald/src/librfu_intr.o src/librfu_intr.c
/usr/lib/gcc/arm-none-eabi/14.2.1/cc1 -quiet <flags> -o build/emerald/src/librfu_rfu.o src/librfu_rfu.c
/usr/lib/gcc/arm-none-eabi/14.2.1/cc1 -quiet <flags> -o build/emerald/src/librfu_sio32id.o src/librfu_sio32id.c
/usr/lib/gcc/arm-none-eabi/14.2.1/cc1 -quiet <flags> -o build/emerald/src/librfu_stwi.o src/librfu_stwi.c
/usr/lib/gcc/arm-none-eabi/14.2.1/cc1 -quiet <flags> -o build/emerald/src/lilycove_lady.o src/lilycove_lady.c
/usr/lib/gcc/arm-none-eabi/14.2.1/cc1 -quiet <flags> -o build/emerald/src/line_break.o src/line_break.c
/usr/lib/gcc/arm-none-eabi/14.2.1/cc1 -quiet <flags> -o build/emerald/src/link.o src/link.c
/usr/lib/gcc/arm-none-eabi/14.2.1/cc1 -quiet <flags> -o build/emerald/src/link_rfu_2.o src/link_rfu_2.c
/usr/lib/gcc/arm-none-eabi/14.2.1/cc1 -quiet <flags> -o build/emerald/src/link_rfu_3.o src/link_rfu_3.c
/usr/lib/gcc/arm-none-eabi/14.2.1/cc1 -quiet <flags> -o build/emerald/src/list_menu.o src/list_menu.c
/usr/lib/gcc/arm-none-eabi/14.2.1/cc1 -quiet <flags> -o build/emerald/src/load_save.o src/load_save.c
/usr/lib/gcc/arm-none-eabi/14.2.1/cc1 -quiet <flags> -o build/emerald/src/lottery_corner.o src/lottery_corner.c
/usr/lib/gcc/arm-none-eabi/14.2.1/cc1 -quiet <flags> -o build/emerald/src/m4a.o src/m4a.c
/usr/lib/gcc/arm-none-eabi/14.2.1/cc1 -quiet <flags> -o build/emerald/src/mail.o src/mail.c
/usr/lib/gcc/arm-none-eabi/14.2.1/cc1 -quiet <flags> -o build/emerald/src/mail_data.o src/mail_data.c
/usr/lib/gcc/arm-none-eabi/14.2.1/cc1 -quiet <flags> -o build/emerald/src/main.o src/main.c
/usr/lib/gcc/arm-none-eabi/14.2.1/cc1 -quiet <flags> -o build/emerald/src/main_menu.o src/main_menu.c
/usr/lib/gcc/arm-none-eabi/14.2.1/cc1 -quiet <flags> -o build/emerald/src/malloc.o src/malloc.c
/usr/lib/gcc/arm-none-eabi/14.2.1/cc1 -quiet <flags> -o build/emerald/src/map_name_popup.o src/map_name_popup.c
/usr/lib/gcc/arm-none-eabi/14.2.1/cc1 -quiet <flags> -o build/emerald/src/match_call.o src/match_call.c
/usr/lib/gcc/arm-none-eabi/14.2.1/cc1 -quiet <flags> -o build/emerald/src/math_util.o src/math_util.c
/usr/lib/gcc/arm-none-eabi/14.2.1/cc1 -quiet <flags> -o build/emerald/src/mauville_old_man.o src/mauville_old_man.c
/usr/lib/gcc/arm-none-eabi/14.2.1/cc1 -quiet <flags> -o build/emerald/src/menu.o src/menu.c
/usr/lib/gcc/arm-none-eabi/14.2.1/cc1 -quiet <flags> -o build/emerald/src/menu_helpers.o src/menu_helpers.c
/usr/lib/gcc/arm-none-eabi/14.2.1/cc1 -quiet <flags> -o build/emerald/src/menu_specialized.o src/menu_specialized.c
/usr/lib/gcc/arm-none-eabi/14.2.1/cc1 -quiet <flags> -o build/emerald/src/metatile_behavior.o src/metatile_behavior.c
/usr/lib/gcc/arm-none-eabi/14.2.1/cc1 -quiet <flags> -o build/emerald/src/minigame_countdown.o src/minigame_countdown.c
/usr/lib/gcc/arm-none-eabi/14.2.1/cc1 -quiet <flags> -o build/emerald/src/mirage_tower.o src/mirage_tower.c
/usr/lib/gcc/arm-none-eabi/14.2.1/cc1 -quiet <flags> -o build/emerald/src/money.o src/money.c
/usr/lib/gcc/arm-none-eabi/14.2.1/cc1 -quiet <flags> -o build/emerald/src/mon_markings.o src/mon_markings.c
/usr/lib/gcc/arm-none-eabi/14.2.1/cc1 -quiet <flags> -o build/emerald/src/move.o src/move.c
/usr/lib/gcc/arm-none-eabi/14.2.1/cc1 -quiet <flags> -o build/emerald/src/move_relearner.o src/move_relearner.c
/usr/lib/gcc/arm-none-eabi/14.2.1/cc1 -quiet <flags> -o build/emerald/src/multiboot.o src/multiboot.c
/usr/lib/gcc/arm-none-eabi/14.2.1/cc1 -quiet <flags> -o build/emerald/src/mystery_event_menu.o src/mystery_event_menu.c
/usr/lib/gcc/arm-none-eabi/14.2.1/cc1 -quiet <flags> -o build/emerald/src/mystery_event_msg.o src/mystery_event_msg.c
/usr/lib/gcc/arm-none-eabi/14.2.1/cc1 -quiet <flags> -o build/emerald/src/mystery_event_script.o src/mystery_event_script.c
/usr/lib/gcc/arm-none-eabi/14.2.1/cc1 -quiet <flags> -o build/emerald/src/mystery_gift.o src/mystery_gift.c
/usr/lib/gcc/arm-none-eabi/14.2.1/cc1 -quiet <flags> -o build/emerald/src/mystery_gift_client.o src/mystery_gift_client.c
/usr/lib/gcc/arm-none-eabi/14.2.1/cc1 -quiet <flags> -o build/emerald/src/mystery_gift_link.o src/mystery_gift_link.c
/usr/lib/gcc/arm-none-eabi/14.2.1/cc1 -quiet <flags> -o build/emerald/src/mystery_gift_menu.o src/mystery_gift_menu.c
/usr/lib/gcc/arm-none-eabi/14.2.1/cc1 -quiet <flags> -o build/emerald/src/mystery_gift_scripts.o src/mystery_gift_scripts.c
/usr/lib/gcc/arm-none-eabi/14.2.1/cc1 -quiet <flags> -o build/emerald/src/mystery_gift_server.o src/mystery_gift_server.c
/usr/lib/gcc/arm-none-eabi/14.2.1/cc1 -quiet <flags> -o build/emerald/src/mystery_gift_view.o src/mystery_gift_view.c
/usr/lib/gcc/arm-none-eabi/14.2.1/cc1 -quiet <flags> -o build/emerald/src/naming_screen.o src/naming_screen.c
/usr/lib/gcc/arm-none-eabi/14.2.1/cc1 -quiet <flags> -o build/emerald/src/new_game.o src/new_game.c
/usr/lib/gcc/arm-none-eabi/14.2.1/cc1 -quiet <flags> -o build/emerald/src/option_menu.o src/option_menu.c
/usr/lib/gcc/arm-none-eabi/14.2.1/cc1 -quiet <flags> -o build/emerald/src/oras_dowse.o src/oras_dowse.c
/usr/lib/gcc/arm-none-eabi/14.2.1/cc1 -quiet <flags> -o build/emerald/src/overworld.o src/overworld.c
/usr/lib/gcc/arm-none-eabi/14.2.1/cc1 -quiet <flags> -o build/emerald/src/palette.o src/palette.c
/usr/lib/gcc/arm-none-eabi/14.2.1/cc1 -quiet <flags> -o build/emerald/src/palette_util.o src/palette_util.c
/usr/lib/gcc/arm-none-eabi/14.2.1/cc1 -quiet <flags> -o build/emerald/src/party_menu.o src/party_menu.c
/usr/lib/gcc/arm-none-eabi/14.2.1/cc1 -quiet <flags> -o build/emerald/src/player_pc.o src/player_pc.c
/usr/lib/gcc/arm-none-eabi/14.2.1/cc1 -quiet <flags> -o build/emerald/src/play_time.o src/play_time.c
/usr/lib/gcc/arm-none-eabi/14.2.1/cc1 -quiet <flags> -o build/emerald/src/pokeball.o src/pokeball.c
/usr/lib/gcc/arm-none-eabi/14.2.1/cc1 -quiet <flags> -o build/emerald/src/pokeblock.o src/pokeblock.c
/usr/lib/gcc/arm-none-eabi/14.2.1/cc1 -quiet <flags> -o build/emerald/src/pokeblock_feed.o src/pokeblock_feed.c
/usr/lib/gcc/arm-none-eabi/14.2.1/cc1 -quiet <flags> -o build/emerald/src/pokedex_area_region_map.o src/pokedex_area_region_map.c
/usr/lib/gcc/arm-none-eabi/14.2.1/cc1 -quiet <flags> -o build/emerald/src/pokedex_area_screen.o src/pokedex_area_screen.c
/usr/lib/gcc/arm-none-eabi/14.2.1/cc1 -quiet <flags> -o build/emerald/src/pokedex.o src/pokedex.c
/usr/lib/gcc/arm-none-eabi/14.2.1/cc1 -quiet <flags> -o build/emerald/src/pokedex_cry_screen.o src/pokedex_cry_screen.c
/usr/lib/gcc/arm-none-eabi/14.2.1/cc1 -quiet <flags> -o build/emerald/src/pokedex_plus_hgss.o src/pokedex_plus_hgss.c
/usr/lib/gcc/arm-none-eabi/14.2.1/cc1 -quiet <flags> -o build/emerald/src/pokemon_animation.o src/pokemon_animation.c
/usr/lib/gcc/arm-none-eabi/14.2.1/cc1 -quiet <flags> -o build/emerald/src/pokemon.o src/pokemon.c
/usr/lib/gcc/arm-none-eabi/14.2.1/cc1 -quiet <flags> -o build/emerald/src/pokemon_icon.o src/pokemon_icon.c
/usr/lib/gcc/arm-none-eabi/14.2.1/cc1 -quiet <flags> -o build/emerald/src/pokemon_jump.o src/pokemon_jump.c
/usr/lib/gcc/arm-none-eabi/14.2.1/cc1 -quiet <flags> -o build/emerald/src/pokemon_size_record.o src/pokemon_size_record.c
/usr/lib/gcc/arm-none-eabi/14.2.1/cc1 -quiet <flags> -o build/emerald/src/pokemon_sprite_visualizer.o src/pokemon_sprite_visualizer.c
/usr/lib/gcc/arm-none-eabi/14.2.1/cc1 -quiet <flags> -o build/emerald/src/pokemon_storage_system.o src/pokemon_storage_system.c
/usr/lib/gcc/arm-none-eabi/14.2.1/cc1 -quiet <flags> -o build/emerald/src/pokemon_summary_screen.o src/pokemon_summary_screen.c
/usr/lib/gcc/arm-none-eabi/14.2.1/cc1 -quiet <flags> -o build/emerald/src/pokenav.o src/pokenav.c
/usr/lib/gcc/arm-none-eabi/14.2.1/cc1 -quiet <flags> -o build/emerald/src/pokenav_conditions.o src/pokenav_conditions.c
/usr/lib/gcc/arm-none-eabi/14.2.1/cc1 -quiet <flags> -o build/emerald/src/pokenav_conditions_gfx.o src/pokenav_conditions_gfx.c
/usr/lib/gcc/arm-none-eabi/14.2.1/cc1 -quiet <flags> -o build/emerald/src/pokenav_conditions_search_results.o src/pokenav_conditions_search_results.c
/usr/lib/gcc/arm-none-eabi/14.2.1/cc1 -quiet <flags> -o build/emerald/src/pokenav_list.o src/pokenav_list.c
/usr/lib/gcc/arm-none-eabi/14.2.1/cc1 -quiet <flags> -o build/emerald/src/pokenav_main_menu.o src/pokenav_main_menu.c
/usr/lib/gcc/arm-none-eabi/14.2.1/cc1 -quiet <flags> -o build/emerald/src/pokenav_match_call_data.o src/pokenav_match_call_data.c
/usr/lib/gcc/arm-none-eabi/14.2.1/cc1 -quiet <flags> -o build/emerald/src/pokenav_match_call_gfx.o src/pokenav_match_call_gfx.c
/usr/lib/gcc/arm-none-eabi/14.2.1/cc1 -quiet <flags> -o build/emerald/src/pokenav_match_call_list.o src/pokenav_match_call_list.c
/usr/lib/gcc/arm-none-eabi/14.2.1/cc1 -quiet <flags> -o build/emerald/src/pokenav_menu_handler.o src/pokenav_menu_handler.c
/usr/lib/gcc/arm-none-eabi/14.2.1/cc1 -quiet <flags> -o build/emerald/src/pokenav_menu_handler_gfx.o src/pokenav_menu_handler_gfx.c
/usr/lib/gcc/arm-none-eabi/14.2.1/cc1 -quiet <flags> -o build/emerald/src/pokenav_region_map.o src/pokenav_region_map.c
/usr/lib/gcc/arm-none-eabi/14.2.1/cc1 -quiet <flags> -o build/emerald/src/pokenav_ribbons_list.o src/pokenav_ribbons_list.c
/usr/lib/gcc/arm-none-eabi/14.2.1/cc1 -quiet <flags> -o build/emerald/src/pokenav_ribbons_summary.o src/pokenav_ribbons_summary.c
/usr/lib/gcc/arm-none-eabi/14.2.1/cc1 -quiet <flags> -o build/emerald/src/post_battle_event_funcs.o src/post_battle_event_funcs.c
/usr/lib/gcc/arm-none-eabi/14.2.1/cc1 -quiet <flags> -o build/emerald/src/random.o src/random.c
/usr/lib/gcc/arm-none-eabi/14.2.1/cc1 -quiet <flags> -o build/emerald/src/rayquaza_scene.o src/rayquaza_scene.c
/usr/lib/gcc/arm-none-eabi/14.2.1/cc1 -quiet <flags> -o build/emerald/src/recorded_battle.o src/recorded_battle.c
/usr/lib/gcc/arm-none-eabi/14.2.1/cc1 -quiet <flags> -o build/emerald/src/record_mixing.o src/record_mixing.c
/usr/lib/gcc/arm-none-eabi/14.2.1/cc1 -quiet <flags> -o build/emerald/src/region_map.o src/region_map.c
/usr/lib/gcc/arm-none-eabi/14.2.1/cc1 -quiet <flags> -o build/emerald/src/reload_save.o src/reload_save.c
/usr/lib/gcc/arm-none-eabi/14.2.1/cc1 -quiet <flags> -o build/emerald/src/reset_rtc_screen.o src/reset_rtc_screen.c
/usr/lib/gcc/arm-none-eabi/14.2.1/cc1 -quiet <flags> -o build/emerald/src/reshow_battle_screen.o src/reshow_battle_screen.c
/usr/lib/gcc/arm-none-eabi/14.2.1/cc1 -quiet <flags> -o build/emerald/src/roamer.o src/roamer.c
/usr/lib/gcc/arm-none-eabi/14.2.1/cc1 -quiet <flags> -o build/emerald/src/rom_header_gf.o src/rom_header_gf.c
/usr/lib/gcc/arm-none-eabi/14.2.1/cc1 -quiet <flags> -o build/emerald/src/rom_header_rhh.o src/rom_header_rhh.c
/usr/lib/gcc/arm-none-eabi/14.2.1/cc1 -quiet <flags> -o build/emerald/src/rotating_gate.o src/rotating_gate.c
/usr/lib/gcc/arm-none-eabi/14.2.1/cc1 -quiet <flags> -o build/emerald/src/rotating_tile_puzzle.o src/rotating_tile_puzzle.c
/usr/lib/gcc/arm-none-eabi/14.2.1/cc1 -quiet <flags> -o build/emerald/src/roulette.o src/roulette.c
/usr/lib/gcc/arm-none-eabi/14.2.1/cc1 -quiet <flags> -o build/emerald/src/rtc.o src/rtc.c
/usr/lib/gcc/arm-none-eabi/14.2.1/cc1 -quiet <flags> -o build/emerald/src/safari_zone.o src/safari_zone.c
/usr/lib/gcc/arm-none-eabi/14.2.1/cc1 -quiet <flags> -o build/emerald/src/save.o src/save.c
/usr/lib/gcc/arm-none-eabi/14.2.1/cc1 -quiet <flags> -o build/emerald/src/save_failed_screen.o src/save_failed_screen.c
/usr/lib/gcc/arm-none-eabi/14.2.1/cc1 -quiet <flags> -o build/emerald/src/save_location.o src/save_location.c
/usr/lib/gcc/arm-none-eabi/14.2.1/cc1 -quiet <flags> -o build/emerald/src/scanline_effect.o src/scanline_effect.c
/usr/lib/gcc/arm-none-eabi/14.2.1/cc1 -quiet <flags> -o build/emerald/src/scrcmd.o src/scrcmd.c
/usr/lib/gcc/arm-none-eabi/14.2.1/cc1 -quiet <flags> -o build/emerald/src/script.o src/script.c
/usr/lib/gcc/arm-none-eabi/14.2.1/cc1 -quiet <flags> -o build/emerald/src/script_menu.o src/script_menu.c
/usr/lib/gcc/arm-none-eabi/14.2.1/cc1 -quiet <flags> -o build/emerald/src/script_movement.o src/script_movement.c
/usr/lib/gcc/arm-none-eabi/14.2.1/cc1 -quiet <flags> -o build/emerald/src/script_pokemon_util.o src/script_pokemon_util.c
/usr/lib/gcc/arm-none-eabi/14.2.1/cc1 -quiet <flags> -o build/emerald/src/secret_base.o src/secret_base.c
/usr/lib/gcc/arm-none-eabi/14.2.1/cc1 -quiet <flags> -o build/emerald/src/shop.o src/shop.c
/usr/lib/gcc/arm-none-eabi/14.2.1/cc1 -quiet <flags> -o build/emerald/src/slot_machine.o src/slot_machine.c
/usr/lib/gcc/arm-none-eabi/14.2.1/cc1 -quiet <flags> -o build/emerald/src/sound.o src/sound.c
/usr/lib/gcc/arm-none-eabi/14.2.1/cc1 -quiet <flags> -o build/emerald/src/sprays.o src/sprays.c
/usr/lib/gcc/arm-none-eabi/14.2.1/cc1 -quiet <flags> -o build/emerald/src/sprite.o src/sprite.c
/usr/lib/gcc/arm-none-eabi/14.2.1/cc1 -quiet <flags> -o build/emerald/src/starter_choose.o src/starter_choose.c
/usr/lib/gcc/arm-none-eabi/14.2.1/cc1 -quiet <flags> -o build/emerald/src/start_menu.o src/start_menu.c
/usr/lib/gcc/arm-none-eabi/14.2.1/cc1 -quiet <flags> -o build/emerald/src/strings.o src/strings.c
/usr/lib/gcc/arm-none-eabi/14.2.1/cc1 -quiet <flags> -o build/emerald/src/string_util.o src/string_util.c
/usr/lib/gcc/arm-none-eabi/14.2.1/cc1 -quiet <flags> -o build/emerald/src/task.o src/task.c
/usr/lib/gcc/arm-none-eabi/14.2.1/cc1 -quiet <flags> -o build/emerald/src/test_runner_stub.o src/test_runner_stub.c
/usr/lib/gcc/arm-none-eabi/14.2.1/cc1 -quiet <flags> -o build/emerald/src/text.o src/text.c
/usr/lib/gcc/arm-none-eabi/14.2.1/cc1 -quiet <flags> -o build/emerald/src/text_input_strings.o src/text_input_strings.c
/usr/lib/gcc/arm-none-eabi/14.2.1/cc1 -quiet <flags> -o build/emerald/src/text_window.o src/text_window.c
/usr/lib/gcc/arm-none-eabi/14.2.1/cc1 -quiet <flags> -o build/emerald/src/tileset_anims.o src/tileset_anims.c
/usr/lib/gcc/arm-none-eabi/14.2.1/cc1 -quiet <flags> -o build/emerald/src/tilesets.o src/tilesets.c
/usr/lib/gcc/arm-none-eabi/14.2.1/cc1 -quiet <flags> -o build/emerald/src/time_events.o src/time_events.c
/usr/lib/gcc/arm-none-eabi/14.2.1/cc1 -quiet <flags> -o build/emerald/src/title_screen.o src/title_screen.c
/usr/lib/gcc/arm-none-eabi/14.2.1/cc1 -quiet <flags> -o build/emerald/src/trade.o src/trade.c
/usr/lib/gcc/arm-none-eabi/14.2.1/cc1 -quiet <flags> -o build/emerald/src/trader.o src/trader.c
/usr/lib/gcc/arm-none-eabi/14.2.1/cc1 -quiet <flags> -o build/emerald/src/trainer_card.o src/trainer_card.c
/usr/lib/gcc/arm-none-eabi/14.2.1/cc1 -quiet <flags> -o build/emerald/src/trainer_hill.o src/trainer_hill.c
/usr/lib/gcc/arm-none-eabi/14.2.1/cc1 -quiet <flags> -o build/emerald/src/trainer_pokemon_sprites.o src/trainer_pokemon_sprites.c
/usr/lib/gcc/arm-none-eabi/14.2.1/cc1 -quiet <flags> -o build/emerald/src/trainer_pools.o src/trainer_pools.c
/usr/lib/gcc/arm-none-eabi/14.2.1/cc1 -quiet <flags> -o build/emerald/src/trainer_see.o src/trainer_see.c
/usr/lib/gcc/arm-none-eabi/14.2.1/cc1 -quiet <flags> -o build/emerald/src/trainer_slide.o src/trainer_slide.c
/usr/lib/gcc/arm-none-eabi/14.2.1/cc1 -quiet <flags> -o build/emerald/src/trig.o src/trig.c
/usr/lib/gcc/arm-none-eabi/14.2.1/cc1 -quiet <flags> -o build/emerald/src/tv.o src/tv.c
/usr/lib/gcc/arm-none-eabi/14.2.1/cc1 -quiet <flags> -o build/emerald/src/type_icons.o src/type_icons.c
/usr/lib/gcc/arm-none-eabi/14.2.1/cc1 -quiet <flags> -o build/emerald/src/union_room_battle.o src/union_room_battle.c
/usr/lib/gcc/arm-none-eabi/14.2.1/cc1 -quiet <flags> -o build/emerald/src/union_room.o src/union_room.c
/usr/lib/gcc/arm-none-eabi/14.2.1/cc1 -quiet <flags> -o build/emerald/src/union_room_chat.o src/union_room_chat.c
/usr/lib/gcc/arm-none-eabi/14.2.1/cc1 -quiet <flags> -o build/emerald/src/union_room_player_avatar.o src/union_room_player_avatar.c
/usr/lib/gcc/arm-none-eabi/14.2.1/cc1 -quiet <flags> -o build/emerald/src/use_pokeblock.o src/use_pokeblock.c
/usr/lib/gcc/arm-none-eabi/14.2.1/cc1 -quiet <flags> -o build/emerald/src/util.o src/util.c
/usr/lib/gcc/arm-none-eabi/14.2.1/cc1 -quiet <flags> -o build/emerald/src/vs_seeker.o src/vs_seeker.c
/usr/lib/gcc/arm-none-eabi/14.2.1/cc1 -quiet <flags> -o build/emerald/src/walda_phrase.o src/walda_phrase.c
/usr/lib/gcc/arm-none-eabi/14.2.1/cc1 -quiet <flags> -o build/emerald/src/wallclock.o src/wallclock.c
/usr/lib/gcc/arm-none-eabi/14.2.1/cc1 -quiet <flags> -o build/emerald/src/wild_encounter.o src/wild_encounter.c
/usr/lib/gcc/arm-none-eabi/14.2.1/cc1 -quiet <flags> -o build/emerald/src/window.o src/window.c
/usr/lib/gcc/arm-none-eabi/14.2.1/cc1 -quiet <flags> -o build/emerald/src/wireless_communication_status_screen.o src/wireless_communication_status_screen.c
/usr/lib/gcc/arm-none-eabi/14.2.1/cc1 -quiet <flags> -o build/emerald/src/wonder_news.o src/wonder_news.c
tools/preproc/preproc data/event_scripts.s charmap.txt | arm-none-eabi-cpp -iquote include -Wno-trigraphs -DMODERN=1 -DTESTING=0 -DEMERALD -std=gnu17 -I include - | tools/preproc/preproc -ie data/event_scripts.s charmap.txt | arm-none-eabi-as -mcpu=arm7tdmi -march=armv4t -meabi=5 --defsym MODERN=1 --defsym EMERALD=1 -o build/emerald/data/event_scripts.o
tools/preproc/preproc data/map_events.s charmap.txt | arm-none-eabi-cpp -I include - | tools/preproc/preproc -ie data/map_events.s charmap.txt | arm-none-eabi-as -mcpu=arm7tdmi -march=armv4t -meabi=5 --defsym MODERN=1 --defsym EMERALD=1 -o build/emerald/data/map_events.o
tools/preproc/preproc data/maps.s charmap.txt | arm-none-eabi-cpp -I include - | tools/preproc/preproc -ie data/maps.s charmap.txt | arm-none-eabi-as -mcpu=arm7tdmi -march=armv4t -meabi=5 --defsym MODERN=1 --defsym EMERALD=1 -o build/emerald/data/maps.o
tools/preproc/preproc data/mystery_gift.s charmap.txt | arm-none-eabi-cpp -iquote include -Wno-trigraphs -DMODERN=1 -DTESTING=0 -DEMERALD -std=gnu17 -I include - | tools/preproc/preproc -ie data/mystery_gift.s charmap.txt | arm-none-eabi-as -mcpu=arm7tdmi -march=armv4t -meabi=5 --defsym MODERN=1 --defsym EMERALD=1 -o build/emerald/data/mystery_gift.o
Memory region         Used Size  Region Size  %age Used
           EWRAM:      227976 B       256 KB     86.97%
           IWRAM:       28712 B        32 KB     87.62%
             ROM:    24942088 B        32 MB     74.33%
cd build/emerald && arm-none-eabi-ld -Map ../../pokeemerald.map --print-memory-usage --gc-sections -T ../../ld_script_modern.ld -o ../../pokeemerald.elf <objs> <libs> | cat
tools/gbafix/gbafix pokeemerald.elf -t"POKEMON EMER" -cBPEE -m01 -r0 --silent
arm-none-eabi-objcopy -O binary pokeemerald.elf pokeemerald.gba
tools/gbafix/gbafix pokeemerald.gba -p --silent
